

================================================================
== Vivado HLS Report for 'toThreshold_Block_proc'
================================================================
* Date:           Fri Jun 26 18:10:51 2015

* Version:        2014.4 (Build 1071461 on Tue Nov 18 16:42:57 PM 2014)
* Project:        threshold_IP
* Solution:       solution1
* Product family: zynq
* Target device:  xc7z020clg484-1


================================================================
== Performance Estimates
================================================================
+ Timing (ns): 
    * Summary: 
    +---------+-------+----------+------------+
    |  Clock  | Target| Estimated| Uncertainty|
    +---------+-------+----------+------------+
    |default  |  10.00|      0.00|        1.25|
    +---------+-------+----------+------------+

+ Latency (clock cycles): 
    * Summary: 
    +-----+-----+-----+-----+---------+
    |  Latency  |  Interval | Pipeline|
    | min | max | min | max |   Type  |
    +-----+-----+-----+-----+---------+
    |    0|    0|    0|    0|   none  |
    +-----+-----+-----+-----+---------+

    + Detail: 
        * Instance: 
        N/A

        * Loop: 
        N/A



================================================================
== Utilization Estimates
================================================================
* Summary: 
+-----------------+---------+-------+--------+-------+
|       Name      | BRAM_18K| DSP48E|   FF   |  LUT  |
+-----------------+---------+-------+--------+-------+
|Expression       |        -|      -|       0|      1|
|FIFO             |        -|      -|       -|      -|
|Instance         |        -|      -|       -|      -|
|Memory           |        -|      -|       -|      -|
|Multiplexer      |        -|      -|       -|    312|
|Register         |        -|      -|     314|      -|
+-----------------+---------+-------+--------+-------+
|Total            |        0|      0|     314|    313|
+-----------------+---------+-------+--------+-------+
|Available        |      280|    220|  106400|  53200|
+-----------------+---------+-------+--------+-------+
|Utilization (%)  |        0|      0|   ~0   |   ~0  |
+-----------------+---------+-------+--------+-------+

+ Detail: 
    * Instance: 
    N/A

    * Memory: 
    N/A

    * FIFO: 
    N/A

    * Expression: 
    +---------------+----------+-------+---+----+------------+------------+
    | Variable Name | Operation| DSP48E| FF| LUT| Bitwidth P0| Bitwidth P1|
    +---------------+----------+-------+---+----+------------+------------+
    |ap_sig_bdd_60  |    or    |      0|  0|   1|           1|           1|
    +---------------+----------+-------+---+----+------------+------------+
    |Total          |          |      0|  0|   1|           1|           1|
    +---------------+----------+-------+---+----+------------+------------+

    * Multiplexer: 
    +--------------+----+-----------+-----+-----------+
    |     Name     | LUT| Input Size| Bits| Total Bits|
    +--------------+----+-----------+-----+-----------+
    |ap_return_0   |  12|          2|   12|         24|
    |ap_return_1   |  12|          2|   12|         24|
    |ap_return_10  |  12|          2|   12|         24|
    |ap_return_11  |  12|          2|   12|         24|
    |ap_return_12  |  12|          2|   12|         24|
    |ap_return_13  |  12|          2|   12|         24|
    |ap_return_14  |  12|          2|   12|         24|
    |ap_return_15  |  12|          2|   12|         24|
    |ap_return_16  |  12|          2|   12|         24|
    |ap_return_17  |  12|          2|   12|         24|
    |ap_return_18  |  12|          2|   12|         24|
    |ap_return_19  |  12|          2|   12|         24|
    |ap_return_2   |  12|          2|   12|         24|
    |ap_return_20  |  12|          2|   12|         24|
    |ap_return_21  |  12|          2|   12|         24|
    |ap_return_22  |  12|          2|   12|         24|
    |ap_return_23  |  12|          2|   12|         24|
    |ap_return_24  |  12|          2|   12|         24|
    |ap_return_25  |  12|          2|   12|         24|
    |ap_return_3   |  12|          2|   12|         24|
    |ap_return_4   |  12|          2|   12|         24|
    |ap_return_5   |  12|          2|   12|         24|
    |ap_return_6   |  12|          2|   12|         24|
    |ap_return_7   |  12|          2|   12|         24|
    |ap_return_8   |  12|          2|   12|         24|
    |ap_return_9   |  12|          2|   12|         24|
    +--------------+----+-----------+-----+-----------+
    |Total         | 312|         52|  312|        624|
    +--------------+----+-----------+-----+-----------+

    * Register: 
    +-------------------+----+----+-----+-----------+
    |        Name       | FF | LUT| Bits| Const Bits|
    +-------------------+----+----+-----+-----------+
    |ap_CS_fsm          |   1|   0|    1|          0|
    |ap_done_reg        |   1|   0|    1|          0|
    |ap_return_0_preg   |  12|   0|   12|          0|
    |ap_return_10_preg  |  12|   0|   12|          0|
    |ap_return_11_preg  |  12|   0|   12|          0|
    |ap_return_12_preg  |  12|   0|   12|          0|
    |ap_return_13_preg  |  12|   0|   12|          0|
    |ap_return_14_preg  |  12|   0|   12|          0|
    |ap_return_15_preg  |  12|   0|   12|          0|
    |ap_return_16_preg  |  12|   0|   12|          0|
    |ap_return_17_preg  |  12|   0|   12|          0|
    |ap_return_18_preg  |  12|   0|   12|          0|
    |ap_return_19_preg  |  12|   0|   12|          0|
    |ap_return_1_preg   |  12|   0|   12|          0|
    |ap_return_20_preg  |  12|   0|   12|          0|
    |ap_return_21_preg  |  12|   0|   12|          0|
    |ap_return_22_preg  |  12|   0|   12|          0|
    |ap_return_23_preg  |  12|   0|   12|          0|
    |ap_return_24_preg  |  12|   0|   12|          0|
    |ap_return_25_preg  |  12|   0|   12|          0|
    |ap_return_2_preg   |  12|   0|   12|          0|
    |ap_return_3_preg   |  12|   0|   12|          0|
    |ap_return_4_preg   |  12|   0|   12|          0|
    |ap_return_5_preg   |  12|   0|   12|          0|
    |ap_return_6_preg   |  12|   0|   12|          0|
    |ap_return_7_preg   |  12|   0|   12|          0|
    |ap_return_8_preg   |  12|   0|   12|          0|
    |ap_return_9_preg   |  12|   0|   12|          0|
    +-------------------+----+----+-----+-----------+
    |Total              | 314|   0|  314|          0|
    +-------------------+----+----+-----+-----------+



================================================================
== Interface
================================================================
* Summary: 
+--------------+-----+-----+------------+-------------------------+--------------+
|   RTL Ports  | Dir | Bits|  Protocol  |      Source Object      |    C Type    |
+--------------+-----+-----+------------+-------------------------+--------------+
|ap_clk        |  in |    1| ap_ctrl_hs | toThreshold_Block__proc | return value |
|ap_rst        |  in |    1| ap_ctrl_hs | toThreshold_Block__proc | return value |
|ap_start      |  in |    1| ap_ctrl_hs | toThreshold_Block__proc | return value |
|ap_done       | out |    1| ap_ctrl_hs | toThreshold_Block__proc | return value |
|ap_continue   |  in |    1| ap_ctrl_hs | toThreshold_Block__proc | return value |
|ap_idle       | out |    1| ap_ctrl_hs | toThreshold_Block__proc | return value |
|ap_ready      | out |    1| ap_ctrl_hs | toThreshold_Block__proc | return value |
|ap_return_0   | out |   12| ap_ctrl_hs | toThreshold_Block__proc | return value |
|ap_return_1   | out |   12| ap_ctrl_hs | toThreshold_Block__proc | return value |
|ap_return_2   | out |   12| ap_ctrl_hs | toThreshold_Block__proc | return value |
|ap_return_3   | out |   12| ap_ctrl_hs | toThreshold_Block__proc | return value |
|ap_return_4   | out |   12| ap_ctrl_hs | toThreshold_Block__proc | return value |
|ap_return_5   | out |   12| ap_ctrl_hs | toThreshold_Block__proc | return value |
|ap_return_6   | out |   12| ap_ctrl_hs | toThreshold_Block__proc | return value |
|ap_return_7   | out |   12| ap_ctrl_hs | toThreshold_Block__proc | return value |
|ap_return_8   | out |   12| ap_ctrl_hs | toThreshold_Block__proc | return value |
|ap_return_9   | out |   12| ap_ctrl_hs | toThreshold_Block__proc | return value |
|ap_return_10  | out |   12| ap_ctrl_hs | toThreshold_Block__proc | return value |
|ap_return_11  | out |   12| ap_ctrl_hs | toThreshold_Block__proc | return value |
|ap_return_12  | out |   12| ap_ctrl_hs | toThreshold_Block__proc | return value |
|ap_return_13  | out |   12| ap_ctrl_hs | toThreshold_Block__proc | return value |
|ap_return_14  | out |   12| ap_ctrl_hs | toThreshold_Block__proc | return value |
|ap_return_15  | out |   12| ap_ctrl_hs | toThreshold_Block__proc | return value |
|ap_return_16  | out |   12| ap_ctrl_hs | toThreshold_Block__proc | return value |
|ap_return_17  | out |   12| ap_ctrl_hs | toThreshold_Block__proc | return value |
|ap_return_18  | out |   12| ap_ctrl_hs | toThreshold_Block__proc | return value |
|ap_return_19  | out |   12| ap_ctrl_hs | toThreshold_Block__proc | return value |
|ap_return_20  | out |   12| ap_ctrl_hs | toThreshold_Block__proc | return value |
|ap_return_21  | out |   12| ap_ctrl_hs | toThreshold_Block__proc | return value |
|ap_return_22  | out |   12| ap_ctrl_hs | toThreshold_Block__proc | return value |
|ap_return_23  | out |   12| ap_ctrl_hs | toThreshold_Block__proc | return value |
|ap_return_24  | out |   12| ap_ctrl_hs | toThreshold_Block__proc | return value |
|ap_return_25  | out |   12| ap_ctrl_hs | toThreshold_Block__proc | return value |
|rows          |  in |   32|   ap_none  |           rows          |    scalar    |
|cols          |  in |   32|   ap_none  |           cols          |    scalar    |
+--------------+-----+-----+------------+-------------------------+--------------+

============================================================
+ Verbose Summary: Synthesis Manager
============================================================
InlineROM: 1
ExposeGlobal: 0
============================================================
+ Verbose Summary: CDFG Model
============================================================
IsTopModel: 0
ResetActiveHigh: 1
IsCombinational: 2
IsDatapathOnly: 0
HasWiredReturn: 1
HasMFsm: 0
HasVarLatency: 0
IsPipeline: 0
IsRtlPipelined: 0
IsInstanceOverlapped: 0
IsDontTouch: 0
HasImplIP: 0
IsGatedGlobalClock: 0


============================================================
+ Verbose Summary: Schedule
============================================================
* Number of FSM states: 1
* Pipeline: 0
* Dataflow Pipeline: 0

* FSM state transitions: 
1 --> 
* FSM state operations: 

 <State 1>: 0.00ns
ST_1: stg_2 [1/1] 0.00ns
newFuncRoot:0  call void (...)* @_ssdm_op_SpecIFCore(i32 %rows, [1 x i8]* @p_str1806, [10 x i8]* @p_str1807, [1 x i8]* @p_str1806, i32 -1, [1 x i8]* @p_str1806, [1 x i8]* @p_str1806, [20 x i8]* @p_str1808)

ST_1: stg_3 [1/1] 0.00ns
newFuncRoot:1  call void (...)* @_ssdm_op_SpecIFCore(i32 %cols, [1 x i8]* @p_str1806, [10 x i8]* @p_str1807, [1 x i8]* @p_str1806, i32 -1, [1 x i8]* @p_str1806, [1 x i8]* @p_str1806, [20 x i8]* @p_str1808)

ST_1: cols_read [1/1] 0.00ns
newFuncRoot:2  %cols_read = call i32 @_ssdm_op_Read.ap_auto.i32(i32 %cols)

ST_1: rows_read [1/1] 0.00ns
newFuncRoot:3  %rows_read = call i32 @_ssdm_op_Read.ap_auto.i32(i32 %rows)

ST_1: inMat_rows_V [1/1] 0.00ns
newFuncRoot:4  %inMat_rows_V = trunc i32 %rows_read to i12

ST_1: inMat_cols_V [1/1] 0.00ns
newFuncRoot:5  %inMat_cols_V = trunc i32 %cols_read to i12

ST_1: mrv [1/1] 0.00ns
newFuncRoot:6  %mrv = insertvalue { i12, i12, i12, i12, i12, i12, i12, i12, i12, i12, i12, i12, i12, i12, i12, i12, i12, i12, i12, i12, i12, i12, i12, i12, i12, i12 } undef, i12 %inMat_rows_V, 0

ST_1: mrv_1 [1/1] 0.00ns
newFuncRoot:7  %mrv_1 = insertvalue { i12, i12, i12, i12, i12, i12, i12, i12, i12, i12, i12, i12, i12, i12, i12, i12, i12, i12, i12, i12, i12, i12, i12, i12, i12, i12 } %mrv, i12 %inMat_rows_V, 1

ST_1: mrv_2 [1/1] 0.00ns
newFuncRoot:8  %mrv_2 = insertvalue { i12, i12, i12, i12, i12, i12, i12, i12, i12, i12, i12, i12, i12, i12, i12, i12, i12, i12, i12, i12, i12, i12, i12, i12, i12, i12 } %mrv_1, i12 %inMat_cols_V, 2

ST_1: mrv_3 [1/1] 0.00ns
newFuncRoot:9  %mrv_3 = insertvalue { i12, i12, i12, i12, i12, i12, i12, i12, i12, i12, i12, i12, i12, i12, i12, i12, i12, i12, i12, i12, i12, i12, i12, i12, i12, i12 } %mrv_2, i12 %inMat_cols_V, 3

ST_1: mrv_4 [1/1] 0.00ns
newFuncRoot:10  %mrv_4 = insertvalue { i12, i12, i12, i12, i12, i12, i12, i12, i12, i12, i12, i12, i12, i12, i12, i12, i12, i12, i12, i12, i12, i12, i12, i12, i12, i12 } %mrv_3, i12 %inMat_rows_V, 4

ST_1: mrv_5 [1/1] 0.00ns
newFuncRoot:11  %mrv_5 = insertvalue { i12, i12, i12, i12, i12, i12, i12, i12, i12, i12, i12, i12, i12, i12, i12, i12, i12, i12, i12, i12, i12, i12, i12, i12, i12, i12 } %mrv_4, i12 %inMat_cols_V, 5

ST_1: mrv_6 [1/1] 0.00ns
newFuncRoot:12  %mrv_6 = insertvalue { i12, i12, i12, i12, i12, i12, i12, i12, i12, i12, i12, i12, i12, i12, i12, i12, i12, i12, i12, i12, i12, i12, i12, i12, i12, i12 } %mrv_5, i12 %inMat_rows_V, 6

ST_1: mrv_7 [1/1] 0.00ns
newFuncRoot:13  %mrv_7 = insertvalue { i12, i12, i12, i12, i12, i12, i12, i12, i12, i12, i12, i12, i12, i12, i12, i12, i12, i12, i12, i12, i12, i12, i12, i12, i12, i12 } %mrv_6, i12 %inMat_rows_V, 7

ST_1: mrv_8 [1/1] 0.00ns
newFuncRoot:14  %mrv_8 = insertvalue { i12, i12, i12, i12, i12, i12, i12, i12, i12, i12, i12, i12, i12, i12, i12, i12, i12, i12, i12, i12, i12, i12, i12, i12, i12, i12 } %mrv_7, i12 %inMat_cols_V, 8

ST_1: mrv_9 [1/1] 0.00ns
newFuncRoot:15  %mrv_9 = insertvalue { i12, i12, i12, i12, i12, i12, i12, i12, i12, i12, i12, i12, i12, i12, i12, i12, i12, i12, i12, i12, i12, i12, i12, i12, i12, i12 } %mrv_8, i12 %inMat_cols_V, 9

ST_1: mrv_s [1/1] 0.00ns
newFuncRoot:16  %mrv_s = insertvalue { i12, i12, i12, i12, i12, i12, i12, i12, i12, i12, i12, i12, i12, i12, i12, i12, i12, i12, i12, i12, i12, i12, i12, i12, i12, i12 } %mrv_9, i12 %inMat_rows_V, 10

ST_1: mrv_10 [1/1] 0.00ns
newFuncRoot:17  %mrv_10 = insertvalue { i12, i12, i12, i12, i12, i12, i12, i12, i12, i12, i12, i12, i12, i12, i12, i12, i12, i12, i12, i12, i12, i12, i12, i12, i12, i12 } %mrv_s, i12 %inMat_cols_V, 11

ST_1: mrv_11 [1/1] 0.00ns
newFuncRoot:18  %mrv_11 = insertvalue { i12, i12, i12, i12, i12, i12, i12, i12, i12, i12, i12, i12, i12, i12, i12, i12, i12, i12, i12, i12, i12, i12, i12, i12, i12, i12 } %mrv_10, i12 %inMat_rows_V, 12

ST_1: mrv_12 [1/1] 0.00ns
newFuncRoot:19  %mrv_12 = insertvalue { i12, i12, i12, i12, i12, i12, i12, i12, i12, i12, i12, i12, i12, i12, i12, i12, i12, i12, i12, i12, i12, i12, i12, i12, i12, i12 } %mrv_11, i12 %inMat_cols_V, 13

ST_1: mrv_13 [1/1] 0.00ns
newFuncRoot:20  %mrv_13 = insertvalue { i12, i12, i12, i12, i12, i12, i12, i12, i12, i12, i12, i12, i12, i12, i12, i12, i12, i12, i12, i12, i12, i12, i12, i12, i12, i12 } %mrv_12, i12 %inMat_rows_V, 14

ST_1: mrv_14 [1/1] 0.00ns
newFuncRoot:21  %mrv_14 = insertvalue { i12, i12, i12, i12, i12, i12, i12, i12, i12, i12, i12, i12, i12, i12, i12, i12, i12, i12, i12, i12, i12, i12, i12, i12, i12, i12 } %mrv_13, i12 %inMat_rows_V, 15

ST_1: mrv_15 [1/1] 0.00ns
newFuncRoot:22  %mrv_15 = insertvalue { i12, i12, i12, i12, i12, i12, i12, i12, i12, i12, i12, i12, i12, i12, i12, i12, i12, i12, i12, i12, i12, i12, i12, i12, i12, i12 } %mrv_14, i12 %inMat_cols_V, 16

ST_1: mrv_16 [1/1] 0.00ns
newFuncRoot:23  %mrv_16 = insertvalue { i12, i12, i12, i12, i12, i12, i12, i12, i12, i12, i12, i12, i12, i12, i12, i12, i12, i12, i12, i12, i12, i12, i12, i12, i12, i12 } %mrv_15, i12 %inMat_cols_V, 17

ST_1: mrv_17 [1/1] 0.00ns
newFuncRoot:24  %mrv_17 = insertvalue { i12, i12, i12, i12, i12, i12, i12, i12, i12, i12, i12, i12, i12, i12, i12, i12, i12, i12, i12, i12, i12, i12, i12, i12, i12, i12 } %mrv_16, i12 %inMat_rows_V, 18

ST_1: mrv_18 [1/1] 0.00ns
newFuncRoot:25  %mrv_18 = insertvalue { i12, i12, i12, i12, i12, i12, i12, i12, i12, i12, i12, i12, i12, i12, i12, i12, i12, i12, i12, i12, i12, i12, i12, i12, i12, i12 } %mrv_17, i12 %inMat_rows_V, 19

ST_1: mrv_19 [1/1] 0.00ns
newFuncRoot:26  %mrv_19 = insertvalue { i12, i12, i12, i12, i12, i12, i12, i12, i12, i12, i12, i12, i12, i12, i12, i12, i12, i12, i12, i12, i12, i12, i12, i12, i12, i12 } %mrv_18, i12 %inMat_cols_V, 20

ST_1: mrv_20 [1/1] 0.00ns
newFuncRoot:27  %mrv_20 = insertvalue { i12, i12, i12, i12, i12, i12, i12, i12, i12, i12, i12, i12, i12, i12, i12, i12, i12, i12, i12, i12, i12, i12, i12, i12, i12, i12 } %mrv_19, i12 %inMat_cols_V, 21

ST_1: mrv_21 [1/1] 0.00ns
newFuncRoot:28  %mrv_21 = insertvalue { i12, i12, i12, i12, i12, i12, i12, i12, i12, i12, i12, i12, i12, i12, i12, i12, i12, i12, i12, i12, i12, i12, i12, i12, i12, i12 } %mrv_20, i12 %inMat_rows_V, 22

ST_1: mrv_22 [1/1] 0.00ns
newFuncRoot:29  %mrv_22 = insertvalue { i12, i12, i12, i12, i12, i12, i12, i12, i12, i12, i12, i12, i12, i12, i12, i12, i12, i12, i12, i12, i12, i12, i12, i12, i12, i12 } %mrv_21, i12 %inMat_cols_V, 23

ST_1: mrv_23 [1/1] 0.00ns
newFuncRoot:30  %mrv_23 = insertvalue { i12, i12, i12, i12, i12, i12, i12, i12, i12, i12, i12, i12, i12, i12, i12, i12, i12, i12, i12, i12, i12, i12, i12, i12, i12, i12 } %mrv_22, i12 %inMat_rows_V, 24

ST_1: mrv_24 [1/1] 0.00ns
newFuncRoot:31  %mrv_24 = insertvalue { i12, i12, i12, i12, i12, i12, i12, i12, i12, i12, i12, i12, i12, i12, i12, i12, i12, i12, i12, i12, i12, i12, i12, i12, i12, i12 } %mrv_23, i12 %inMat_cols_V, 25

ST_1: stg_34 [1/1] 0.00ns
newFuncRoot:32  ret { i12, i12, i12, i12, i12, i12, i12, i12, i12, i12, i12, i12, i12, i12, i12, i12, i12, i12, i12, i12, i12, i12, i12, i12, i12, i12 } %mrv_24



============================================================
+ Verbose Summary: Binding
============================================================
STG Binding: 
---------------- STG Properties BEGIN ----------------
- Is combinational: 0
- Is one-state seq: 1
- Is datapath-only: 0
- Is clock enabled: 0
- Is pipelined: 0
- Is top level: 0
Port [ Return ] is wired: 1; IO mode=ap_ctrl_hs:ce=0
Port [ rows]:  wired=1; compound=0; hidden=0; nouse=0; global=0; static=0; extern=0; dir=0; type=0; mode=0x111c67e0; pingpong=0; private_global=0; IO mode=ap_none:ce=0
Port [ cols]:  wired=1; compound=0; hidden=0; nouse=0; global=0; static=0; extern=0; dir=0; type=0; mode=0x111bd630; pingpong=0; private_global=0; IO mode=ap_none:ce=0
---------------- STG Properties END ------------------

---------------- Datapath Model BEGIN ----------------

<LifeTime>
<method=bitvector/>
stg_2        (specifcore ) [ 00]
stg_3        (specifcore ) [ 00]
cols_read    (read       ) [ 00]
rows_read    (read       ) [ 00]
inMat_rows_V (trunc      ) [ 00]
inMat_cols_V (trunc      ) [ 00]
mrv          (insertvalue) [ 00]
mrv_1        (insertvalue) [ 00]
mrv_2        (insertvalue) [ 00]
mrv_3        (insertvalue) [ 00]
mrv_4        (insertvalue) [ 00]
mrv_5        (insertvalue) [ 00]
mrv_6        (insertvalue) [ 00]
mrv_7        (insertvalue) [ 00]
mrv_8        (insertvalue) [ 00]
mrv_9        (insertvalue) [ 00]
mrv_s        (insertvalue) [ 00]
mrv_10       (insertvalue) [ 00]
mrv_11       (insertvalue) [ 00]
mrv_12       (insertvalue) [ 00]
mrv_13       (insertvalue) [ 00]
mrv_14       (insertvalue) [ 00]
mrv_15       (insertvalue) [ 00]
mrv_16       (insertvalue) [ 00]
mrv_17       (insertvalue) [ 00]
mrv_18       (insertvalue) [ 00]
mrv_19       (insertvalue) [ 00]
mrv_20       (insertvalue) [ 00]
mrv_21       (insertvalue) [ 00]
mrv_22       (insertvalue) [ 00]
mrv_23       (insertvalue) [ 00]
mrv_24       (insertvalue) [ 00]
stg_34       (ret        ) [ 00]
</LifeTime>

<model>

<comp_list>
<comp id="0" class="1000" name="rows">
<pin_list>
<pin id="1" dir="1" index="0" bw="1" slack="0"/>
</pin_list>
<bind>
<StgValue><ssdm name="rows"/></StgValue>
</bind>
</comp>

<comp id="2" class="1000" name="cols">
<pin_list>
<pin id="3" dir="1" index="0" bw="1" slack="0"/>
</pin_list>
<bind>
<StgValue><ssdm name="cols"/></StgValue>
</bind>
</comp>

<comp id="4" class="1001" name="const_4">
<pin_list>
<pin id="5" dir="1" index="0" bw="1" slack="2147483647"/>
</pin_list>
<bind>
<StgValue><ssdm name="_ssdm_op_SpecIFCore"/></StgValue>
</bind>
</comp>

<comp id="6" class="1001" name="const_6">
<pin_list>
<pin id="7" dir="1" index="0" bw="1" slack="2147483647"/>
</pin_list>
<bind>
<StgValue><ssdm name="p_str1806"/></StgValue>
</bind>
</comp>

<comp id="8" class="1001" name="const_8">
<pin_list>
<pin id="9" dir="1" index="0" bw="1" slack="2147483647"/>
</pin_list>
<bind>
<StgValue><ssdm name="p_str1807"/></StgValue>
</bind>
</comp>

<comp id="10" class="1001" name="const_10">
<pin_list>
<pin id="11" dir="1" index="0" bw="1" slack="2147483647"/>
</pin_list>
<bind>
<StgValue><ssdm name=""/></StgValue>
</bind>
</comp>

<comp id="12" class="1001" name="const_12">
<pin_list>
<pin id="13" dir="1" index="0" bw="1" slack="2147483647"/>
</pin_list>
<bind>
<StgValue><ssdm name="p_str1808"/></StgValue>
</bind>
</comp>

<comp id="14" class="1001" name="const_14">
<pin_list>
<pin id="15" dir="1" index="0" bw="1" slack="0"/>
</pin_list>
<bind>
<StgValue><ssdm name="_ssdm_op_Read.ap_auto.i32"/></StgValue>
</bind>
</comp>

<comp id="16" class="1001" name="const_16">
<pin_list>
<pin id="17" dir="1" index="0" bw="1" slack="0"/>
</pin_list>
<bind>
<StgValue><ssdm name=""/></StgValue>
</bind>
</comp>

<comp id="18" class="1004" name="cols_read_read_fu_18">
<pin_list>
<pin id="19" dir="0" index="0" bw="32" slack="0"/>
<pin id="20" dir="0" index="1" bw="32" slack="0"/>
<pin id="21" dir="1" index="2" bw="32" slack="0"/>
</pin_list>
<bind>
<opcode="read(1150) " fcode="read"/>
<opset="cols_read/1 "/>
</bind>
</comp>

<comp id="24" class="1004" name="rows_read_read_fu_24">
<pin_list>
<pin id="25" dir="0" index="0" bw="32" slack="0"/>
<pin id="26" dir="0" index="1" bw="32" slack="0"/>
<pin id="27" dir="1" index="2" bw="32" slack="0"/>
</pin_list>
<bind>
<opcode="read(1150) " fcode="read"/>
<opset="rows_read/1 "/>
</bind>
</comp>

<comp id="31" class="1004" name="inMat_rows_V_fu_31">
<pin_list>
<pin id="32" dir="0" index="0" bw="32" slack="0"/>
<pin id="33" dir="1" index="1" bw="12" slack="0"/>
</pin_list>
<bind>
<opcode="trunc(33) " fcode="trunc"/>
<opset="inMat_rows_V/1 "/>
</bind>
</comp>

<comp id="35" class="1004" name="inMat_cols_V_fu_35">
<pin_list>
<pin id="36" dir="0" index="0" bw="32" slack="0"/>
<pin id="37" dir="1" index="1" bw="12" slack="0"/>
</pin_list>
<bind>
<opcode="trunc(33) " fcode="trunc"/>
<opset="inMat_cols_V/1 "/>
</bind>
</comp>

<comp id="39" class="1004" name="mrv_fu_39">
<pin_list>
<pin id="40" dir="0" index="0" bw="312" slack="0"/>
<pin id="41" dir="0" index="1" bw="12" slack="0"/>
<pin id="42" dir="1" index="2" bw="312" slack="0"/>
</pin_list>
<bind>
<opcode="insertvalue(57) " fcode="insertvalue"/>
<opset="mrv/1 "/>
</bind>
</comp>

<comp id="45" class="1004" name="mrv_1_fu_45">
<pin_list>
<pin id="46" dir="0" index="0" bw="312" slack="0"/>
<pin id="47" dir="0" index="1" bw="12" slack="0"/>
<pin id="48" dir="1" index="2" bw="312" slack="0"/>
</pin_list>
<bind>
<opcode="insertvalue(57) " fcode="insertvalue"/>
<opset="mrv_1/1 "/>
</bind>
</comp>

<comp id="51" class="1004" name="mrv_2_fu_51">
<pin_list>
<pin id="52" dir="0" index="0" bw="312" slack="0"/>
<pin id="53" dir="0" index="1" bw="12" slack="0"/>
<pin id="54" dir="1" index="2" bw="312" slack="0"/>
</pin_list>
<bind>
<opcode="insertvalue(57) " fcode="insertvalue"/>
<opset="mrv_2/1 "/>
</bind>
</comp>

<comp id="57" class="1004" name="mrv_3_fu_57">
<pin_list>
<pin id="58" dir="0" index="0" bw="312" slack="0"/>
<pin id="59" dir="0" index="1" bw="12" slack="0"/>
<pin id="60" dir="1" index="2" bw="312" slack="0"/>
</pin_list>
<bind>
<opcode="insertvalue(57) " fcode="insertvalue"/>
<opset="mrv_3/1 "/>
</bind>
</comp>

<comp id="63" class="1004" name="mrv_4_fu_63">
<pin_list>
<pin id="64" dir="0" index="0" bw="312" slack="0"/>
<pin id="65" dir="0" index="1" bw="12" slack="0"/>
<pin id="66" dir="1" index="2" bw="312" slack="0"/>
</pin_list>
<bind>
<opcode="insertvalue(57) " fcode="insertvalue"/>
<opset="mrv_4/1 "/>
</bind>
</comp>

<comp id="69" class="1004" name="mrv_5_fu_69">
<pin_list>
<pin id="70" dir="0" index="0" bw="312" slack="0"/>
<pin id="71" dir="0" index="1" bw="12" slack="0"/>
<pin id="72" dir="1" index="2" bw="312" slack="0"/>
</pin_list>
<bind>
<opcode="insertvalue(57) " fcode="insertvalue"/>
<opset="mrv_5/1 "/>
</bind>
</comp>

<comp id="75" class="1004" name="mrv_6_fu_75">
<pin_list>
<pin id="76" dir="0" index="0" bw="312" slack="0"/>
<pin id="77" dir="0" index="1" bw="12" slack="0"/>
<pin id="78" dir="1" index="2" bw="312" slack="0"/>
</pin_list>
<bind>
<opcode="insertvalue(57) " fcode="insertvalue"/>
<opset="mrv_6/1 "/>
</bind>
</comp>

<comp id="81" class="1004" name="mrv_7_fu_81">
<pin_list>
<pin id="82" dir="0" index="0" bw="312" slack="0"/>
<pin id="83" dir="0" index="1" bw="12" slack="0"/>
<pin id="84" dir="1" index="2" bw="312" slack="0"/>
</pin_list>
<bind>
<opcode="insertvalue(57) " fcode="insertvalue"/>
<opset="mrv_7/1 "/>
</bind>
</comp>

<comp id="87" class="1004" name="mrv_8_fu_87">
<pin_list>
<pin id="88" dir="0" index="0" bw="312" slack="0"/>
<pin id="89" dir="0" index="1" bw="12" slack="0"/>
<pin id="90" dir="1" index="2" bw="312" slack="0"/>
</pin_list>
<bind>
<opcode="insertvalue(57) " fcode="insertvalue"/>
<opset="mrv_8/1 "/>
</bind>
</comp>

<comp id="93" class="1004" name="mrv_9_fu_93">
<pin_list>
<pin id="94" dir="0" index="0" bw="312" slack="0"/>
<pin id="95" dir="0" index="1" bw="12" slack="0"/>
<pin id="96" dir="1" index="2" bw="312" slack="0"/>
</pin_list>
<bind>
<opcode="insertvalue(57) " fcode="insertvalue"/>
<opset="mrv_9/1 "/>
</bind>
</comp>

<comp id="99" class="1004" name="mrv_s_fu_99">
<pin_list>
<pin id="100" dir="0" index="0" bw="312" slack="0"/>
<pin id="101" dir="0" index="1" bw="12" slack="0"/>
<pin id="102" dir="1" index="2" bw="312" slack="0"/>
</pin_list>
<bind>
<opcode="insertvalue(57) " fcode="insertvalue"/>
<opset="mrv_s/1 "/>
</bind>
</comp>

<comp id="105" class="1004" name="mrv_10_fu_105">
<pin_list>
<pin id="106" dir="0" index="0" bw="312" slack="0"/>
<pin id="107" dir="0" index="1" bw="12" slack="0"/>
<pin id="108" dir="1" index="2" bw="312" slack="0"/>
</pin_list>
<bind>
<opcode="insertvalue(57) " fcode="insertvalue"/>
<opset="mrv_10/1 "/>
</bind>
</comp>

<comp id="111" class="1004" name="mrv_11_fu_111">
<pin_list>
<pin id="112" dir="0" index="0" bw="312" slack="0"/>
<pin id="113" dir="0" index="1" bw="12" slack="0"/>
<pin id="114" dir="1" index="2" bw="312" slack="0"/>
</pin_list>
<bind>
<opcode="insertvalue(57) " fcode="insertvalue"/>
<opset="mrv_11/1 "/>
</bind>
</comp>

<comp id="117" class="1004" name="mrv_12_fu_117">
<pin_list>
<pin id="118" dir="0" index="0" bw="312" slack="0"/>
<pin id="119" dir="0" index="1" bw="12" slack="0"/>
<pin id="120" dir="1" index="2" bw="312" slack="0"/>
</pin_list>
<bind>
<opcode="insertvalue(57) " fcode="insertvalue"/>
<opset="mrv_12/1 "/>
</bind>
</comp>

<comp id="123" class="1004" name="mrv_13_fu_123">
<pin_list>
<pin id="124" dir="0" index="0" bw="312" slack="0"/>
<pin id="125" dir="0" index="1" bw="12" slack="0"/>
<pin id="126" dir="1" index="2" bw="312" slack="0"/>
</pin_list>
<bind>
<opcode="insertvalue(57) " fcode="insertvalue"/>
<opset="mrv_13/1 "/>
</bind>
</comp>

<comp id="129" class="1004" name="mrv_14_fu_129">
<pin_list>
<pin id="130" dir="0" index="0" bw="312" slack="0"/>
<pin id="131" dir="0" index="1" bw="12" slack="0"/>
<pin id="132" dir="1" index="2" bw="312" slack="0"/>
</pin_list>
<bind>
<opcode="insertvalue(57) " fcode="insertvalue"/>
<opset="mrv_14/1 "/>
</bind>
</comp>

<comp id="135" class="1004" name="mrv_15_fu_135">
<pin_list>
<pin id="136" dir="0" index="0" bw="312" slack="0"/>
<pin id="137" dir="0" index="1" bw="12" slack="0"/>
<pin id="138" dir="1" index="2" bw="312" slack="0"/>
</pin_list>
<bind>
<opcode="insertvalue(57) " fcode="insertvalue"/>
<opset="mrv_15/1 "/>
</bind>
</comp>

<comp id="141" class="1004" name="mrv_16_fu_141">
<pin_list>
<pin id="142" dir="0" index="0" bw="312" slack="0"/>
<pin id="143" dir="0" index="1" bw="12" slack="0"/>
<pin id="144" dir="1" index="2" bw="312" slack="0"/>
</pin_list>
<bind>
<opcode="insertvalue(57) " fcode="insertvalue"/>
<opset="mrv_16/1 "/>
</bind>
</comp>

<comp id="147" class="1004" name="mrv_17_fu_147">
<pin_list>
<pin id="148" dir="0" index="0" bw="312" slack="0"/>
<pin id="149" dir="0" index="1" bw="12" slack="0"/>
<pin id="150" dir="1" index="2" bw="312" slack="0"/>
</pin_list>
<bind>
<opcode="insertvalue(57) " fcode="insertvalue"/>
<opset="mrv_17/1 "/>
</bind>
</comp>

<comp id="153" class="1004" name="mrv_18_fu_153">
<pin_list>
<pin id="154" dir="0" index="0" bw="312" slack="0"/>
<pin id="155" dir="0" index="1" bw="12" slack="0"/>
<pin id="156" dir="1" index="2" bw="312" slack="0"/>
</pin_list>
<bind>
<opcode="insertvalue(57) " fcode="insertvalue"/>
<opset="mrv_18/1 "/>
</bind>
</comp>

<comp id="159" class="1004" name="mrv_19_fu_159">
<pin_list>
<pin id="160" dir="0" index="0" bw="312" slack="0"/>
<pin id="161" dir="0" index="1" bw="12" slack="0"/>
<pin id="162" dir="1" index="2" bw="312" slack="0"/>
</pin_list>
<bind>
<opcode="insertvalue(57) " fcode="insertvalue"/>
<opset="mrv_19/1 "/>
</bind>
</comp>

<comp id="165" class="1004" name="mrv_20_fu_165">
<pin_list>
<pin id="166" dir="0" index="0" bw="312" slack="0"/>
<pin id="167" dir="0" index="1" bw="12" slack="0"/>
<pin id="168" dir="1" index="2" bw="312" slack="0"/>
</pin_list>
<bind>
<opcode="insertvalue(57) " fcode="insertvalue"/>
<opset="mrv_20/1 "/>
</bind>
</comp>

<comp id="171" class="1004" name="mrv_21_fu_171">
<pin_list>
<pin id="172" dir="0" index="0" bw="312" slack="0"/>
<pin id="173" dir="0" index="1" bw="12" slack="0"/>
<pin id="174" dir="1" index="2" bw="312" slack="0"/>
</pin_list>
<bind>
<opcode="insertvalue(57) " fcode="insertvalue"/>
<opset="mrv_21/1 "/>
</bind>
</comp>

<comp id="177" class="1004" name="mrv_22_fu_177">
<pin_list>
<pin id="178" dir="0" index="0" bw="312" slack="0"/>
<pin id="179" dir="0" index="1" bw="12" slack="0"/>
<pin id="180" dir="1" index="2" bw="312" slack="0"/>
</pin_list>
<bind>
<opcode="insertvalue(57) " fcode="insertvalue"/>
<opset="mrv_22/1 "/>
</bind>
</comp>

<comp id="183" class="1004" name="mrv_23_fu_183">
<pin_list>
<pin id="184" dir="0" index="0" bw="312" slack="0"/>
<pin id="185" dir="0" index="1" bw="12" slack="0"/>
<pin id="186" dir="1" index="2" bw="312" slack="0"/>
</pin_list>
<bind>
<opcode="insertvalue(57) " fcode="insertvalue"/>
<opset="mrv_23/1 "/>
</bind>
</comp>

<comp id="189" class="1004" name="mrv_24_fu_189">
<pin_list>
<pin id="190" dir="0" index="0" bw="312" slack="0"/>
<pin id="191" dir="0" index="1" bw="12" slack="0"/>
<pin id="192" dir="1" index="2" bw="312" slack="2147483647"/>
</pin_list>
<bind>
<opcode="insertvalue(57) " fcode="insertvalue"/>
<opset="mrv_24/1 "/>
</bind>
</comp>

</comp_list>

<net_list>
<net id="22"><net_src comp="14" pin="0"/><net_sink comp="18" pin=0"/></net>

<net id="23"><net_src comp="2" pin="0"/><net_sink comp="18" pin=1"/></net>

<net id="28"><net_src comp="14" pin="0"/><net_sink comp="24" pin=0"/></net>

<net id="29"><net_src comp="0" pin="0"/><net_sink comp="24" pin=1"/></net>

<net id="34"><net_src comp="24" pin="2"/><net_sink comp="31" pin=0"/></net>

<net id="38"><net_src comp="18" pin="2"/><net_sink comp="35" pin=0"/></net>

<net id="43"><net_src comp="16" pin="0"/><net_sink comp="39" pin=0"/></net>

<net id="44"><net_src comp="31" pin="1"/><net_sink comp="39" pin=1"/></net>

<net id="49"><net_src comp="39" pin="2"/><net_sink comp="45" pin=0"/></net>

<net id="50"><net_src comp="31" pin="1"/><net_sink comp="45" pin=1"/></net>

<net id="55"><net_src comp="45" pin="2"/><net_sink comp="51" pin=0"/></net>

<net id="56"><net_src comp="35" pin="1"/><net_sink comp="51" pin=1"/></net>

<net id="61"><net_src comp="51" pin="2"/><net_sink comp="57" pin=0"/></net>

<net id="62"><net_src comp="35" pin="1"/><net_sink comp="57" pin=1"/></net>

<net id="67"><net_src comp="57" pin="2"/><net_sink comp="63" pin=0"/></net>

<net id="68"><net_src comp="31" pin="1"/><net_sink comp="63" pin=1"/></net>

<net id="73"><net_src comp="63" pin="2"/><net_sink comp="69" pin=0"/></net>

<net id="74"><net_src comp="35" pin="1"/><net_sink comp="69" pin=1"/></net>

<net id="79"><net_src comp="69" pin="2"/><net_sink comp="75" pin=0"/></net>

<net id="80"><net_src comp="31" pin="1"/><net_sink comp="75" pin=1"/></net>

<net id="85"><net_src comp="75" pin="2"/><net_sink comp="81" pin=0"/></net>

<net id="86"><net_src comp="31" pin="1"/><net_sink comp="81" pin=1"/></net>

<net id="91"><net_src comp="81" pin="2"/><net_sink comp="87" pin=0"/></net>

<net id="92"><net_src comp="35" pin="1"/><net_sink comp="87" pin=1"/></net>

<net id="97"><net_src comp="87" pin="2"/><net_sink comp="93" pin=0"/></net>

<net id="98"><net_src comp="35" pin="1"/><net_sink comp="93" pin=1"/></net>

<net id="103"><net_src comp="93" pin="2"/><net_sink comp="99" pin=0"/></net>

<net id="104"><net_src comp="31" pin="1"/><net_sink comp="99" pin=1"/></net>

<net id="109"><net_src comp="99" pin="2"/><net_sink comp="105" pin=0"/></net>

<net id="110"><net_src comp="35" pin="1"/><net_sink comp="105" pin=1"/></net>

<net id="115"><net_src comp="105" pin="2"/><net_sink comp="111" pin=0"/></net>

<net id="116"><net_src comp="31" pin="1"/><net_sink comp="111" pin=1"/></net>

<net id="121"><net_src comp="111" pin="2"/><net_sink comp="117" pin=0"/></net>

<net id="122"><net_src comp="35" pin="1"/><net_sink comp="117" pin=1"/></net>

<net id="127"><net_src comp="117" pin="2"/><net_sink comp="123" pin=0"/></net>

<net id="128"><net_src comp="31" pin="1"/><net_sink comp="123" pin=1"/></net>

<net id="133"><net_src comp="123" pin="2"/><net_sink comp="129" pin=0"/></net>

<net id="134"><net_src comp="31" pin="1"/><net_sink comp="129" pin=1"/></net>

<net id="139"><net_src comp="129" pin="2"/><net_sink comp="135" pin=0"/></net>

<net id="140"><net_src comp="35" pin="1"/><net_sink comp="135" pin=1"/></net>

<net id="145"><net_src comp="135" pin="2"/><net_sink comp="141" pin=0"/></net>

<net id="146"><net_src comp="35" pin="1"/><net_sink comp="141" pin=1"/></net>

<net id="151"><net_src comp="141" pin="2"/><net_sink comp="147" pin=0"/></net>

<net id="152"><net_src comp="31" pin="1"/><net_sink comp="147" pin=1"/></net>

<net id="157"><net_src comp="147" pin="2"/><net_sink comp="153" pin=0"/></net>

<net id="158"><net_src comp="31" pin="1"/><net_sink comp="153" pin=1"/></net>

<net id="163"><net_src comp="153" pin="2"/><net_sink comp="159" pin=0"/></net>

<net id="164"><net_src comp="35" pin="1"/><net_sink comp="159" pin=1"/></net>

<net id="169"><net_src comp="159" pin="2"/><net_sink comp="165" pin=0"/></net>

<net id="170"><net_src comp="35" pin="1"/><net_sink comp="165" pin=1"/></net>

<net id="175"><net_src comp="165" pin="2"/><net_sink comp="171" pin=0"/></net>

<net id="176"><net_src comp="31" pin="1"/><net_sink comp="171" pin=1"/></net>

<net id="181"><net_src comp="171" pin="2"/><net_sink comp="177" pin=0"/></net>

<net id="182"><net_src comp="35" pin="1"/><net_sink comp="177" pin=1"/></net>

<net id="187"><net_src comp="177" pin="2"/><net_sink comp="183" pin=0"/></net>

<net id="188"><net_src comp="31" pin="1"/><net_sink comp="183" pin=1"/></net>

<net id="193"><net_src comp="183" pin="2"/><net_sink comp="189" pin=0"/></net>

<net id="194"><net_src comp="35" pin="1"/><net_sink comp="189" pin=1"/></net>

</net_list>

</model> 
---------------- Datapath Model END ------------------

* FSMD analyzer results:
  - Output states:
  - Chain level:
	State 1
		mrv : 1
		mrv_1 : 2
		mrv_2 : 3
		mrv_3 : 4
		mrv_4 : 5
		mrv_5 : 6
		mrv_6 : 7
		mrv_7 : 8
		mrv_8 : 9
		mrv_9 : 10
		mrv_s : 11
		mrv_10 : 12
		mrv_11 : 13
		mrv_12 : 14
		mrv_13 : 15
		mrv_14 : 16
		mrv_15 : 17
		mrv_16 : 18
		mrv_17 : 19
		mrv_18 : 20
		mrv_19 : 21
		mrv_20 : 22
		mrv_21 : 23
		mrv_22 : 24
		mrv_23 : 25
		mrv_24 : 26
		stg_34 : 27


============================================================
+ Verbose Summary: Datapath Resource usage 
============================================================

* Functional unit list:
|----------|----------------------|
| Operation|    Functional Unit   |
|----------|----------------------|
|   read   | cols_read_read_fu_18 |
|          | rows_read_read_fu_24 |
|----------|----------------------|
|   trunc  |  inMat_rows_V_fu_31  |
|          |  inMat_cols_V_fu_35  |
|----------|----------------------|
|          |       mrv_fu_39      |
|          |      mrv_1_fu_45     |
|          |      mrv_2_fu_51     |
|          |      mrv_3_fu_57     |
|          |      mrv_4_fu_63     |
|          |      mrv_5_fu_69     |
|          |      mrv_6_fu_75     |
|          |      mrv_7_fu_81     |
|          |      mrv_8_fu_87     |
|          |      mrv_9_fu_93     |
|          |      mrv_s_fu_99     |
|          |     mrv_10_fu_105    |
|insertvalue|     mrv_11_fu_111    |
|          |     mrv_12_fu_117    |
|          |     mrv_13_fu_123    |
|          |     mrv_14_fu_129    |
|          |     mrv_15_fu_135    |
|          |     mrv_16_fu_141    |
|          |     mrv_17_fu_147    |
|          |     mrv_18_fu_153    |
|          |     mrv_19_fu_159    |
|          |     mrv_20_fu_165    |
|          |     mrv_21_fu_171    |
|          |     mrv_22_fu_177    |
|          |     mrv_23_fu_183    |
|          |     mrv_24_fu_189    |
|----------|----------------------|
|   Total  |                      |
|----------|----------------------|

Memories:
N/A

* Register list:
N/A

* Multiplexer (MUX) list: 
|--------|------|------|------|--------|
|  Comp  |  Pin | Size |  BW  | S x BW |
|--------|------|------|------|--------|
|  Total |      |      |      |    0   |
|--------|------|------|------|--------|



* Summary:
+-----------+
|           |
+-----------+
|  Function |
|   Memory  |
|Multiplexer|
|  Register |
+-----------+
|   Total   |
+-----------+
