
*** Running vivado
    with args -log toThreshold.vdi -applog -m64 -messageDb vivado.pb -mode batch -source toThreshold.tcl -notrace


****** Vivado v2014.4 (64-bit)
  **** SW Build 1071353 on Tue Nov 18 18:29:27 MST 2014
  **** IP Build 1070531 on Tue Nov 18 01:10:18 MST 2014
    ** Copyright 1986-2014 Xilinx, Inc. All Rights Reserved.

source toThreshold.tcl -notrace
Command: open_checkpoint C:/Xilinx/Projects/threshold_IP_hls/threshold_IP/solution1/impl/verilog/project.runs/impl_1/toThreshold.dcp
INFO: [Netlist 29-17] Analyzing 2121 Unisim elements for replacement
INFO: [Netlist 29-28] Unisim Transformation completed in 0 CPU seconds
INFO: [Project 1-479] Netlist was created with Vivado 2014.4
Loading clock regions from c:/Xilinx/Vivado/2014.4/data\parts/xilinx/zynq/zynq/xc7z020/ClockRegion.xml
Loading clock buffers from c:/Xilinx/Vivado/2014.4/data\parts/xilinx/zynq/zynq/xc7z020/ClockBuffers.xml
Loading clock placement rules from c:/Xilinx/Vivado/2014.4/data/parts/xilinx/zynq/ClockPlacerRules.xml
Loading package pin functions from c:/Xilinx/Vivado/2014.4/data\parts/xilinx/zynq/PinFunctions.xml...
Loading package from c:/Xilinx/Vivado/2014.4/data\parts/xilinx/zynq/zynq/xc7z020/clg484/Package.xml
Loading io standards from c:/Xilinx/Vivado/2014.4/data\./parts/xilinx/zynq/IOStandards.xml
INFO: [Project 1-570] Preparing netlist for logic optimization
Parsing XDC File [C:/Xilinx/Projects/threshold_IP_hls/threshold_IP/solution1/impl/verilog/project.runs/impl_1/.Xil/Vivado-11224-ESIT044/dcp/toThreshold.xdc]
INFO: [Timing 38-35] Done setting XDC timing constraints. [C:/Xilinx/Projects/threshold_IP_hls/threshold_IP/solution1/impl/verilog/toThreshold.xdc:7]
all_clocks: Time (s): cpu = 00:00:14 ; elapsed = 00:00:16 . Memory (MB): peak = 1062.641 ; gain = 493.969
Finished Parsing XDC File [C:/Xilinx/Projects/threshold_IP_hls/threshold_IP/solution1/impl/verilog/project.runs/impl_1/.Xil/Vivado-11224-ESIT044/dcp/toThreshold.xdc]
INFO: [Opt 31-138] Pushed 0 inverter(s) to 0 load pin(s).
INFO: [Project 1-111] Unisim Transformation Summary:
No Unisim elements were transformed.

INFO: [Project 1-484] Checkpoint was created with build 1071353
open_checkpoint: Time (s): cpu = 00:00:25 ; elapsed = 00:00:28 . Memory (MB): peak = 1062.641 ; gain = 884.152
Command: opt_design
Attempting to get a license for feature 'Implementation' and/or device 'xc7z020'
INFO: [Common 17-349] Got license for feature 'Implementation' and/or device 'xc7z020'
INFO: [Common 17-1223] The version limit for your license is '2015.02' and will expire in -118 days. A version limit expiration means that, although you may be able to continue to use the current version of tools or IP with this license, you will not be eligible for any updates or new releases.
Running DRC as a precondition to command opt_design

Starting DRC Task
INFO: [Drc 23-27] Running DRC with 2 threads
INFO: [Project 1-461] DRC finished with 0 Errors
INFO: [Project 1-462] Please refer to the DRC report (report_drc) for more information.

Time (s): cpu = 00:00:00 ; elapsed = 00:00:00.468 . Memory (MB): peak = 1064.262 ; gain = 1.563

Starting Logic Optimization Task

Phase 1 Retarget

INFO: [Opt 31-138] Pushed 0 inverter(s) to 0 load pin(s).
INFO: [Opt 31-49] Retargeted 0 cell(s).
Phase 1 Retarget | Checksum: 1042cbfd8

Time (s): cpu = 00:00:02 ; elapsed = 00:00:02 . Memory (MB): peak = 1064.262 ; gain = 0.000

Phase 2 Constant Propagation
INFO: [Opt 31-138] Pushed 0 inverter(s) to 0 load pin(s).
INFO: [Opt 31-10] Eliminated 647 cells.
Phase 2 Constant Propagation | Checksum: 10c0d06ba

Time (s): cpu = 00:00:05 ; elapsed = 00:00:04 . Memory (MB): peak = 1064.262 ; gain = 0.000

Phase 3 Sweep
WARNING: [Opt 31-6] Deleting driverless net: toThreshold_Loop_GradientLoop_proc_U0/toThreshold_dcmp_64ns_64ns_1_1_U88/toThreshold_ap_dcmp_0_no_dsp_64_u/U0/i_synth/COMP_OP.SPD.OP/STRUCT_CMP.A_EXP_ALL_ONE_DET/CARRYS_OUT[0].
WARNING: [Opt 31-6] Deleting driverless net: toThreshold_Loop_GradientLoop_proc_U0/toThreshold_dcmp_64ns_64ns_1_1_U88/toThreshold_ap_dcmp_0_no_dsp_64_u/U0/i_synth/COMP_OP.SPD.OP/STRUCT_CMP.A_FRAC_NOT_ZERO_DET/CARRY_OUT.
WARNING: [Opt 31-6] Deleting driverless net: toThreshold_Loop_GradientLoop_proc_U0/toThreshold_dcmp_64ns_64ns_1_1_U88/toThreshold_ap_dcmp_0_no_dsp_64_u/U0/i_synth/COMP_OP.SPD.OP/STRUCT_CMP.B_EXP_ALL_ONE_DET/CARRYS_OUT[0].
WARNING: [Opt 31-6] Deleting driverless net: toThreshold_Loop_GradientLoop_proc_U0/toThreshold_dcmp_64ns_64ns_1_1_U88/toThreshold_ap_dcmp_0_no_dsp_64_u/U0/i_synth/COMP_OP.SPD.OP/STRUCT_CMP.B_FRAC_NOT_ZERO_DET/CARRY_OUT.
WARNING: [Opt 31-6] Deleting driverless net: toThreshold_Loop_GradientLoop_proc_U0/toThreshold_dcmp_64ns_64ns_1_1_U89/toThreshold_ap_dcmp_0_no_dsp_64_u/U0/i_synth/COMP_OP.SPD.OP/STRUCT_CMP.A_EXP_ALL_ONE_DET/CARRYS_OUT[0].
WARNING: [Opt 31-6] Deleting driverless net: toThreshold_Loop_GradientLoop_proc_U0/toThreshold_dcmp_64ns_64ns_1_1_U89/toThreshold_ap_dcmp_0_no_dsp_64_u/U0/i_synth/COMP_OP.SPD.OP/STRUCT_CMP.A_FRAC_NOT_ZERO_DET/CARRY_OUT.
WARNING: [Opt 31-6] Deleting driverless net: toThreshold_Loop_GradientLoop_proc_U0/toThreshold_dcmp_64ns_64ns_1_1_U89/toThreshold_ap_dcmp_0_no_dsp_64_u/U0/i_synth/COMP_OP.SPD.OP/STRUCT_CMP.B_EXP_ALL_ONE_DET/CARRYS_OUT[0].
WARNING: [Opt 31-6] Deleting driverless net: toThreshold_Loop_GradientLoop_proc_U0/toThreshold_dcmp_64ns_64ns_1_1_U89/toThreshold_ap_dcmp_0_no_dsp_64_u/U0/i_synth/COMP_OP.SPD.OP/STRUCT_CMP.B_FRAC_NOT_ZERO_DET/CARRY_OUT.
WARNING: [Opt 31-6] Deleting driverless net: toThreshold_Loop_GradientLoop_proc_U0/toThreshold_dcmp_64ns_64ns_1_1_U90/toThreshold_ap_dcmp_0_no_dsp_64_u/U0/i_synth/COMP_OP.SPD.OP/STRUCT_CMP.A_EXP_ALL_ONE_DET/CARRYS_OUT[0].
WARNING: [Opt 31-6] Deleting driverless net: toThreshold_Loop_GradientLoop_proc_U0/toThreshold_dcmp_64ns_64ns_1_1_U90/toThreshold_ap_dcmp_0_no_dsp_64_u/U0/i_synth/COMP_OP.SPD.OP/STRUCT_CMP.A_FRAC_NOT_ZERO_DET/CARRY_OUT.
WARNING: [Opt 31-6] Deleting driverless net: toThreshold_Loop_GradientLoop_proc_U0/toThreshold_dcmp_64ns_64ns_1_1_U90/toThreshold_ap_dcmp_0_no_dsp_64_u/U0/i_synth/COMP_OP.SPD.OP/STRUCT_CMP.B_EXP_ALL_ONE_DET/CARRYS_OUT[0].
WARNING: [Opt 31-6] Deleting driverless net: toThreshold_Loop_GradientLoop_proc_U0/toThreshold_dcmp_64ns_64ns_1_1_U90/toThreshold_ap_dcmp_0_no_dsp_64_u/U0/i_synth/COMP_OP.SPD.OP/STRUCT_CMP.B_FRAC_NOT_ZERO_DET/CARRY_OUT.
WARNING: [Opt 31-6] Deleting driverless net: toThreshold_Loop_GradientLoop_proc_U0/toThreshold_dcmp_64ns_64ns_1_1_U91/toThreshold_ap_dcmp_0_no_dsp_64_u/U0/i_synth/COMP_OP.SPD.OP/STRUCT_CMP.A_EXP_ALL_ONE_DET/CARRYS_OUT[0].
WARNING: [Opt 31-6] Deleting driverless net: toThreshold_Loop_GradientLoop_proc_U0/toThreshold_dcmp_64ns_64ns_1_1_U91/toThreshold_ap_dcmp_0_no_dsp_64_u/U0/i_synth/COMP_OP.SPD.OP/STRUCT_CMP.A_FRAC_NOT_ZERO_DET/CARRY_OUT.
WARNING: [Opt 31-6] Deleting driverless net: toThreshold_Loop_GradientLoop_proc_U0/toThreshold_dcmp_64ns_64ns_1_1_U91/toThreshold_ap_dcmp_0_no_dsp_64_u/U0/i_synth/COMP_OP.SPD.OP/STRUCT_CMP.B_EXP_ALL_ONE_DET/CARRYS_OUT[0].
WARNING: [Opt 31-6] Deleting driverless net: toThreshold_Loop_GradientLoop_proc_U0/toThreshold_dcmp_64ns_64ns_1_1_U91/toThreshold_ap_dcmp_0_no_dsp_64_u/U0/i_synth/COMP_OP.SPD.OP/STRUCT_CMP.B_FRAC_NOT_ZERO_DET/CARRY_OUT.
WARNING: [Opt 31-6] Deleting driverless net: toThreshold_Loop_GradientLoop_proc_U0/toThreshold_dcmp_64ns_64ns_1_1_U92/toThreshold_ap_dcmp_0_no_dsp_64_u/U0/i_synth/COMP_OP.SPD.OP/STRUCT_CMP.A_EXP_ALL_ONE_DET/CARRYS_OUT[0].
WARNING: [Opt 31-6] Deleting driverless net: toThreshold_Loop_GradientLoop_proc_U0/toThreshold_dcmp_64ns_64ns_1_1_U92/toThreshold_ap_dcmp_0_no_dsp_64_u/U0/i_synth/COMP_OP.SPD.OP/STRUCT_CMP.A_FRAC_NOT_ZERO_DET/CARRY_OUT.
WARNING: [Opt 31-6] Deleting driverless net: toThreshold_Loop_GradientLoop_proc_U0/toThreshold_dcmp_64ns_64ns_1_1_U92/toThreshold_ap_dcmp_0_no_dsp_64_u/U0/i_synth/COMP_OP.SPD.OP/STRUCT_CMP.B_EXP_ALL_ONE_DET/CARRYS_OUT[0].
WARNING: [Opt 31-6] Deleting driverless net: toThreshold_Loop_GradientLoop_proc_U0/toThreshold_dcmp_64ns_64ns_1_1_U92/toThreshold_ap_dcmp_0_no_dsp_64_u/U0/i_synth/COMP_OP.SPD.OP/STRUCT_CMP.B_FRAC_NOT_ZERO_DET/CARRY_OUT.
INFO: [Opt 31-12] Eliminated 7852 unconnected nets.
INFO: [Opt 31-11] Eliminated 462 unconnected cells.
Phase 3 Sweep | Checksum: b4e94fc6

Time (s): cpu = 00:00:08 ; elapsed = 00:00:07 . Memory (MB): peak = 1064.262 ; gain = 0.000
Ending Logic Optimization Task | Checksum: b4e94fc6

Time (s): cpu = 00:00:00 ; elapsed = 00:00:08 . Memory (MB): peak = 1064.262 ; gain = 0.000
Implement Debug Cores | Checksum: 153731308
Logic Optimization | Checksum: 153731308

Starting Power Optimization Task
INFO: [Pwropt 34-132] Skipping clock gating for clocks with a period < 3.13 ns.
INFO: [Pwropt 34-9] Applying IDT optimizations ...
INFO: [Pwropt 34-10] Applying ODC optimizations ...


Starting PowerOpt Patch Enables Task
INFO: [Pwropt 34-162] WRITE_MODE attribute of 0 BRAM(s) out of a total of 23 has been updated to save power. Run report_power_opt to get a complete listing of the BRAMs updated.
INFO: [Pwropt 34-201] Structural ODC has moved 0 WE to EN ports
Number of BRAM Ports augmented: 8 newly gated: 0 Total Ports: 46
Ending PowerOpt Patch Enables Task | Checksum: dbc90372

Time (s): cpu = 00:00:00 ; elapsed = 00:00:00.029 . Memory (MB): peak = 1093.141 ; gain = 0.000
Ending Power Optimization Task | Checksum: dbc90372

Time (s): cpu = 00:00:00 ; elapsed = 00:00:04 . Memory (MB): peak = 1093.141 ; gain = 28.879
INFO: [Common 17-83] Releasing license: Implementation
25 Infos, 20 Warnings, 0 Critical Warnings and 0 Errors encountered.
opt_design completed successfully
opt_design: Time (s): cpu = 00:00:12 ; elapsed = 00:00:14 . Memory (MB): peak = 1093.141 ; gain = 30.500
INFO: [Timing 38-35] Done setting XDC timing constraints.
INFO: [Drc 23-27] Running DRC with 2 threads
INFO: [Coretcl 2-168] The results of DRC are in file C:/Xilinx/Projects/threshold_IP_hls/threshold_IP/solution1/impl/verilog/project.runs/impl_1/toThreshold_drc_opted.rpt.
Command: place_design
Attempting to get a license for feature 'Implementation' and/or device 'xc7z020'
INFO: [Common 17-349] Got license for feature 'Implementation' and/or device 'xc7z020'
INFO: [Common 17-1223] The version limit for your license is '2015.02' and will expire in -118 days. A version limit expiration means that, although you may be able to continue to use the current version of tools or IP with this license, you will not be eligible for any updates or new releases.
INFO: [Drc 23-27] Running DRC with 2 threads
INFO: [Vivado_Tcl 4-198] DRC finished with 0 Errors
INFO: [Vivado_Tcl 4-199] Please refer to the DRC report (report_drc) for more information.
Running DRC as a precondition to command place_design
INFO: [Drc 23-27] Running DRC with 2 threads
INFO: [Vivado_Tcl 4-198] DRC finished with 0 Errors
INFO: [Vivado_Tcl 4-199] Please refer to the DRC report (report_drc) for more information.

Starting Placer Task
INFO: [Place 30-611] Multithreading enabled for place_design using a maximum of 2 CPUs

Phase 1 Placer Runtime Estimator
Phase 1 Placer Runtime Estimator | Checksum: 76d22e52

Time (s): cpu = 00:00:00 ; elapsed = 00:00:00.364 . Memory (MB): peak = 1116.672 ; gain = 0.000

Phase 2 Placer Initialization

Phase 2.1 Placer Initialization Core
Netlist sorting complete. Time (s): cpu = 00:00:00 ; elapsed = 00:00:00.069 . Memory (MB): peak = 1116.672 ; gain = 0.000
INFO: [Opt 31-138] Pushed 0 inverter(s) to 0 load pin(s).
Netlist sorting complete. Time (s): cpu = 00:00:00 ; elapsed = 00:00:00.057 . Memory (MB): peak = 1116.672 ; gain = 0.000

Phase 2.1.1 IO Placement/ Clock Placement/ Build Placer Device

Phase 2.1.1.1 Pre-Place Cells
Phase 2.1.1.1 Pre-Place Cells | Checksum: 00000000

Time (s): cpu = 00:00:01 ; elapsed = 00:00:02 . Memory (MB): peak = 1116.672 ; gain = 0.000

Phase 2.1.1.2 IO & Clk Clean Up
Phase 2.1.1.2 IO & Clk Clean Up | Checksum: 00000000

Time (s): cpu = 00:00:06 ; elapsed = 00:00:07 . Memory (MB): peak = 1116.672 ; gain = 0.000

Phase 2.1.1.3 Implementation Feasibility check On IDelay
Phase 2.1.1.3 Implementation Feasibility check On IDelay | Checksum: 00000000

Time (s): cpu = 00:00:06 ; elapsed = 00:00:07 . Memory (MB): peak = 1116.672 ; gain = 0.000

Phase 2.1.1.4 Commit IO Placement
Phase 2.1.1.4 Commit IO Placement | Checksum: 00000000

Time (s): cpu = 00:00:06 ; elapsed = 00:00:07 . Memory (MB): peak = 1116.672 ; gain = 0.000
Phase 2.1.1 IO Placement/ Clock Placement/ Build Placer Device | Checksum: 60d24eba

Time (s): cpu = 00:00:06 ; elapsed = 00:00:07 . Memory (MB): peak = 1116.672 ; gain = 0.000

Phase 2.1.2 Build Placer Netlist Model

Phase 2.1.2.1 Place Init Design

Phase 2.1.2.1.1 Init Lut Pin Assignment
Phase 2.1.2.1.1 Init Lut Pin Assignment | Checksum: d52e8ba1

Time (s): cpu = 00:00:08 ; elapsed = 00:00:08 . Memory (MB): peak = 1116.672 ; gain = 0.000
Phase 2.1.2.1 Place Init Design | Checksum: cdf0ec56

Time (s): cpu = 00:00:22 ; elapsed = 00:00:17 . Memory (MB): peak = 1116.672 ; gain = 0.000
Phase 2.1.2 Build Placer Netlist Model | Checksum: cdf0ec56

Time (s): cpu = 00:00:22 ; elapsed = 00:00:17 . Memory (MB): peak = 1116.672 ; gain = 0.000

Phase 2.1.3 Constrain Clocks/Macros

Phase 2.1.3.1 Constrain Global/Regional Clocks
Phase 2.1.3.1 Constrain Global/Regional Clocks | Checksum: cdf0ec56

Time (s): cpu = 00:00:22 ; elapsed = 00:00:17 . Memory (MB): peak = 1116.672 ; gain = 0.000
Phase 2.1.3 Constrain Clocks/Macros | Checksum: cdf0ec56

Time (s): cpu = 00:00:22 ; elapsed = 00:00:17 . Memory (MB): peak = 1116.672 ; gain = 0.000
Phase 2.1 Placer Initialization Core | Checksum: cdf0ec56

Time (s): cpu = 00:00:22 ; elapsed = 00:00:17 . Memory (MB): peak = 1116.672 ; gain = 0.000
Phase 2 Placer Initialization | Checksum: cdf0ec56

Time (s): cpu = 00:00:22 ; elapsed = 00:00:17 . Memory (MB): peak = 1116.672 ; gain = 0.000

Phase 3 Global Placement
Phase 3 Global Placement | Checksum: 20059d0a8

Time (s): cpu = 00:00:55 ; elapsed = 00:00:35 . Memory (MB): peak = 1116.672 ; gain = 0.000

Phase 4 Detail Placement

Phase 4.1 Commit Multi Column Macros
Phase 4.1 Commit Multi Column Macros | Checksum: 20059d0a8

Time (s): cpu = 00:00:55 ; elapsed = 00:00:36 . Memory (MB): peak = 1116.672 ; gain = 0.000

Phase 4.2 Commit Most Macros & LUTRAMs
Phase 4.2 Commit Most Macros & LUTRAMs | Checksum: ea92e037

Time (s): cpu = 00:01:05 ; elapsed = 00:00:42 . Memory (MB): peak = 1116.672 ; gain = 0.000

Phase 4.3 Area Swap Optimization
Phase 4.3 Area Swap Optimization | Checksum: 12ad16eb5

Time (s): cpu = 00:01:05 ; elapsed = 00:00:42 . Memory (MB): peak = 1116.672 ; gain = 0.000

Phase 4.4 updateClock Trees: DP
Phase 4.4 updateClock Trees: DP | Checksum: 12ad16eb5

Time (s): cpu = 00:01:05 ; elapsed = 00:00:42 . Memory (MB): peak = 1116.672 ; gain = 0.000

Phase 4.5 Timing Path Optimizer
Phase 4.5 Timing Path Optimizer | Checksum: 921dbd6f

Time (s): cpu = 00:01:07 ; elapsed = 00:00:44 . Memory (MB): peak = 1116.672 ; gain = 0.000

Phase 4.6 Small Shape Detail Placement

Phase 4.6.1 Commit Small Macros & Core Logic

Phase 4.6.1.1 setBudgets
Phase 4.6.1.1 setBudgets | Checksum: 81b94fa4

Time (s): cpu = 00:01:08 ; elapsed = 00:00:44 . Memory (MB): peak = 1116.672 ; gain = 0.000

Phase 4.6.1.2 Commit Slice Clusters
Phase 4.6.1.2 Commit Slice Clusters | Checksum: 1c00c14e4

Time (s): cpu = 00:01:12 ; elapsed = 00:00:48 . Memory (MB): peak = 1133.230 ; gain = 16.559
Phase 4.6.1 Commit Small Macros & Core Logic | Checksum: 1c00c14e4

Time (s): cpu = 00:01:12 ; elapsed = 00:00:48 . Memory (MB): peak = 1133.230 ; gain = 16.559

Phase 4.6.2 Clock Restriction Legalization for Leaf Columns
Phase 4.6.2 Clock Restriction Legalization for Leaf Columns | Checksum: 1c00c14e4

Time (s): cpu = 00:01:13 ; elapsed = 00:00:48 . Memory (MB): peak = 1134.176 ; gain = 17.504

Phase 4.6.3 Clock Restriction Legalization for Non-Clock Pins
Phase 4.6.3 Clock Restriction Legalization for Non-Clock Pins | Checksum: 1c00c14e4

Time (s): cpu = 00:01:13 ; elapsed = 00:00:49 . Memory (MB): peak = 1134.176 ; gain = 17.504
Phase 4.6 Small Shape Detail Placement | Checksum: 1c00c14e4

Time (s): cpu = 00:01:13 ; elapsed = 00:00:49 . Memory (MB): peak = 1134.176 ; gain = 17.504

Phase 4.7 Re-assign LUT pins
Phase 4.7 Re-assign LUT pins | Checksum: 1c00c14e4

Time (s): cpu = 00:01:14 ; elapsed = 00:00:50 . Memory (MB): peak = 1134.176 ; gain = 17.504
Phase 4 Detail Placement | Checksum: 1c00c14e4

Time (s): cpu = 00:01:14 ; elapsed = 00:00:50 . Memory (MB): peak = 1134.176 ; gain = 17.504

Phase 5 Post Placement Optimization and Clean-Up

Phase 5.1 PCOPT Shape updates
Phase 5.1 PCOPT Shape updates | Checksum: f2e429f5

Time (s): cpu = 00:01:14 ; elapsed = 00:00:50 . Memory (MB): peak = 1134.176 ; gain = 17.504

Phase 5.2 Post Commit Optimization

Phase 5.2.1 updateClock Trees: PCOPT
Phase 5.2.1 updateClock Trees: PCOPT | Checksum: f2e429f5

Time (s): cpu = 00:01:14 ; elapsed = 00:00:50 . Memory (MB): peak = 1134.176 ; gain = 17.504

Phase 5.2.2 Post Placement Optimization

Phase 5.2.2.1 Post Placement Timing Optimization

Phase 5.2.2.1.1 Restore Best Placement
Phase 5.2.2.1.1 Restore Best Placement | Checksum: 1d72897a5

Time (s): cpu = 00:01:21 ; elapsed = 00:00:54 . Memory (MB): peak = 1142.199 ; gain = 25.527
INFO: [Place 30-746] Post Placement Timing Summary WNS=0.505. For the most accurate timing information please run report_timing.
Phase 5.2.2.1 Post Placement Timing Optimization | Checksum: 1d72897a5

Time (s): cpu = 00:01:21 ; elapsed = 00:00:54 . Memory (MB): peak = 1142.199 ; gain = 25.527
Phase 5.2.2 Post Placement Optimization | Checksum: 1d72897a5

Time (s): cpu = 00:01:21 ; elapsed = 00:00:54 . Memory (MB): peak = 1142.199 ; gain = 25.527
Phase 5.2 Post Commit Optimization | Checksum: 1d72897a5

Time (s): cpu = 00:01:21 ; elapsed = 00:00:55 . Memory (MB): peak = 1142.199 ; gain = 25.527

Phase 5.3 Sweep Clock Roots: Post-Placement
Phase 5.3 Sweep Clock Roots: Post-Placement | Checksum: 1d72897a5

Time (s): cpu = 00:01:21 ; elapsed = 00:00:55 . Memory (MB): peak = 1142.199 ; gain = 25.527

Phase 5.4 Post Placement Cleanup
Phase 5.4 Post Placement Cleanup | Checksum: 1d72897a5

Time (s): cpu = 00:01:21 ; elapsed = 00:00:55 . Memory (MB): peak = 1142.199 ; gain = 25.527

Phase 5.5 Placer Reporting

Phase 5.5.1 Restore STA
Phase 5.5.1 Restore STA | Checksum: 1d72897a5

Time (s): cpu = 00:01:22 ; elapsed = 00:00:55 . Memory (MB): peak = 1142.199 ; gain = 25.527
Phase 5.5 Placer Reporting | Checksum: 1d72897a5

Time (s): cpu = 00:01:22 ; elapsed = 00:00:55 . Memory (MB): peak = 1142.199 ; gain = 25.527

Phase 5.6 Final Placement Cleanup
Phase 5.6 Final Placement Cleanup | Checksum: 25d97c030

Time (s): cpu = 00:01:22 ; elapsed = 00:00:55 . Memory (MB): peak = 1142.199 ; gain = 25.527
Phase 5 Post Placement Optimization and Clean-Up | Checksum: 25d97c030

Time (s): cpu = 00:01:22 ; elapsed = 00:00:55 . Memory (MB): peak = 1142.199 ; gain = 25.527
Ending Placer Task | Checksum: 180d10ce3

Time (s): cpu = 00:00:00 ; elapsed = 00:00:55 . Memory (MB): peak = 1142.199 ; gain = 25.527
INFO: [Common 17-83] Releasing license: Implementation
40 Infos, 20 Warnings, 0 Critical Warnings and 0 Errors encountered.
place_design completed successfully
place_design: Time (s): cpu = 00:01:26 ; elapsed = 00:00:59 . Memory (MB): peak = 1142.199 ; gain = 27.516
Writing placer database...
Writing XDEF routing.
Writing XDEF routing logical nets.
Writing XDEF routing special nets.
Write XDEF Complete: Time (s): cpu = 00:00:06 ; elapsed = 00:00:03 . Memory (MB): peak = 1142.199 ; gain = 0.000
write_checkpoint: Time (s): cpu = 00:00:08 ; elapsed = 00:00:05 . Memory (MB): peak = 1142.199 ; gain = 0.000
report_io: Time (s): cpu = 00:00:00 ; elapsed = 00:00:00.081 . Memory (MB): peak = 1142.199 ; gain = 0.000
report_utilization: Time (s): cpu = 00:00:00 ; elapsed = 00:00:00.429 . Memory (MB): peak = 1142.199 ; gain = 0.000
report_control_sets: Time (s): cpu = 00:00:00 ; elapsed = 00:00:00.049 . Memory (MB): peak = 1142.199 ; gain = 0.000
Command: phys_opt_design
Attempting to get a license for feature 'Implementation' and/or device 'xc7z020'
INFO: [Common 17-349] Got license for feature 'Implementation' and/or device 'xc7z020'
INFO: [Common 17-1223] The version limit for your license is '2015.02' and will expire in -118 days. A version limit expiration means that, although you may be able to continue to use the current version of tools or IP with this license, you will not be eligible for any updates or new releases.
INFO: [Vivado_Tcl 4-383] Design worst setup slack (WNS) is greater than or equal to 0.500 ns. Skipping all physical synthesis optimizations.
INFO: [Vivado_Tcl 4-232] No setup violation found. The netlist was not modified.
INFO: [Common 17-83] Releasing license: Implementation
45 Infos, 20 Warnings, 0 Critical Warnings and 0 Errors encountered.
phys_opt_design completed successfully
phys_opt_design: Time (s): cpu = 00:00:11 ; elapsed = 00:00:08 . Memory (MB): peak = 1142.199 ; gain = 0.000
Writing placer database...
Writing XDEF routing.
Writing XDEF routing logical nets.
Writing XDEF routing special nets.
Write XDEF Complete: Time (s): cpu = 00:00:06 ; elapsed = 00:00:03 . Memory (MB): peak = 1142.199 ; gain = 0.000
Command: route_design
Attempting to get a license for feature 'Implementation' and/or device 'xc7z020'
INFO: [Common 17-349] Got license for feature 'Implementation' and/or device 'xc7z020'
INFO: [Common 17-1223] The version limit for your license is '2015.02' and will expire in -118 days. A version limit expiration means that, although you may be able to continue to use the current version of tools or IP with this license, you will not be eligible for any updates or new releases.
Running DRC as a precondition to command route_design
INFO: [Drc 23-27] Running DRC with 2 threads
INFO: [Vivado_Tcl 4-198] DRC finished with 0 Errors
INFO: [Vivado_Tcl 4-199] Please refer to the DRC report (report_drc) for more information.


Starting Routing Task
INFO: [Route 35-254] Multithreading enabled for route_design using a maximum of 2 CPUs

Phase 1 Build RT Design
WARNING: [Route 35-198] Port "ap_rst_n" does not have an associated HD.PARTPIN_LOCS, which will prevent the partial routing of the signal "ap_rst_n". Without this partial route, timing analysis to/from this port will not be accurate, and no routing information for this port can be exported.
WARNING: [Route 35-198] Port "IN_STREAM_TDATA[10]" does not have an associated HD.PARTPIN_LOCS, which will prevent the partial routing of the signal "IN_STREAM_TDATA[10]". Without this partial route, timing analysis to/from this port will not be accurate, and no routing information for this port can be exported.
WARNING: [Route 35-198] Port "IN_STREAM_TDATA[11]" does not have an associated HD.PARTPIN_LOCS, which will prevent the partial routing of the signal "IN_STREAM_TDATA[11]". Without this partial route, timing analysis to/from this port will not be accurate, and no routing information for this port can be exported.
WARNING: [Route 35-198] Port "IN_STREAM_TDATA[8]" does not have an associated HD.PARTPIN_LOCS, which will prevent the partial routing of the signal "IN_STREAM_TDATA[8]". Without this partial route, timing analysis to/from this port will not be accurate, and no routing information for this port can be exported.
WARNING: [Route 35-198] Port "IN_STREAM_TDATA[9]" does not have an associated HD.PARTPIN_LOCS, which will prevent the partial routing of the signal "IN_STREAM_TDATA[9]". Without this partial route, timing analysis to/from this port will not be accurate, and no routing information for this port can be exported.
WARNING: [Route 35-198] Port "IN_STREAM_TDATA[0]" does not have an associated HD.PARTPIN_LOCS, which will prevent the partial routing of the signal "IN_STREAM_TDATA[0]". Without this partial route, timing analysis to/from this port will not be accurate, and no routing information for this port can be exported.
WARNING: [Route 35-198] Port "IN_STREAM_TDATA[1]" does not have an associated HD.PARTPIN_LOCS, which will prevent the partial routing of the signal "IN_STREAM_TDATA[1]". Without this partial route, timing analysis to/from this port will not be accurate, and no routing information for this port can be exported.
WARNING: [Route 35-198] Port "IN_STREAM_TDATA[6]" does not have an associated HD.PARTPIN_LOCS, which will prevent the partial routing of the signal "IN_STREAM_TDATA[6]". Without this partial route, timing analysis to/from this port will not be accurate, and no routing information for this port can be exported.
WARNING: [Route 35-198] Port "IN_STREAM_TDATA[7]" does not have an associated HD.PARTPIN_LOCS, which will prevent the partial routing of the signal "IN_STREAM_TDATA[7]". Without this partial route, timing analysis to/from this port will not be accurate, and no routing information for this port can be exported.
WARNING: [Route 35-198] Port "IN_STREAM_TDATA[16]" does not have an associated HD.PARTPIN_LOCS, which will prevent the partial routing of the signal "IN_STREAM_TDATA[16]". Without this partial route, timing analysis to/from this port will not be accurate, and no routing information for this port can be exported.
WARNING: [Route 35-198] Port "IN_STREAM_TDATA[17]" does not have an associated HD.PARTPIN_LOCS, which will prevent the partial routing of the signal "IN_STREAM_TDATA[17]". Without this partial route, timing analysis to/from this port will not be accurate, and no routing information for this port can be exported.
WARNING: [Route 35-198] Port "IN_STREAM_TDATA[21]" does not have an associated HD.PARTPIN_LOCS, which will prevent the partial routing of the signal "IN_STREAM_TDATA[21]". Without this partial route, timing analysis to/from this port will not be accurate, and no routing information for this port can be exported.
WARNING: [Route 35-198] Port "IN_STREAM_TDATA[22]" does not have an associated HD.PARTPIN_LOCS, which will prevent the partial routing of the signal "IN_STREAM_TDATA[22]". Without this partial route, timing analysis to/from this port will not be accurate, and no routing information for this port can be exported.
WARNING: [Route 35-198] Port "IN_STREAM_TDATA[20]" does not have an associated HD.PARTPIN_LOCS, which will prevent the partial routing of the signal "IN_STREAM_TDATA[20]". Without this partial route, timing analysis to/from this port will not be accurate, and no routing information for this port can be exported.
WARNING: [Route 35-198] Port "IN_STREAM_TDATA[18]" does not have an associated HD.PARTPIN_LOCS, which will prevent the partial routing of the signal "IN_STREAM_TDATA[18]". Without this partial route, timing analysis to/from this port will not be accurate, and no routing information for this port can be exported.
WARNING: [Route 35-198] Port "IN_STREAM_TDATA[19]" does not have an associated HD.PARTPIN_LOCS, which will prevent the partial routing of the signal "IN_STREAM_TDATA[19]". Without this partial route, timing analysis to/from this port will not be accurate, and no routing information for this port can be exported.
WARNING: [Route 35-198] Port "ap_start" does not have an associated HD.PARTPIN_LOCS, which will prevent the partial routing of the signal "ap_start". Without this partial route, timing analysis to/from this port will not be accurate, and no routing information for this port can be exported.
WARNING: [Route 35-198] Port "cols[10]" does not have an associated HD.PARTPIN_LOCS, which will prevent the partial routing of the signal "cols[10]". Without this partial route, timing analysis to/from this port will not be accurate, and no routing information for this port can be exported.
WARNING: [Route 35-198] Port "cols[9]" does not have an associated HD.PARTPIN_LOCS, which will prevent the partial routing of the signal "cols[9]". Without this partial route, timing analysis to/from this port will not be accurate, and no routing information for this port can be exported.
WARNING: [Route 35-198] Port "cols[8]" does not have an associated HD.PARTPIN_LOCS, which will prevent the partial routing of the signal "cols[8]". Without this partial route, timing analysis to/from this port will not be accurate, and no routing information for this port can be exported.
WARNING: [Route 35-198] Port "IN_STREAM_TDATA[4]" does not have an associated HD.PARTPIN_LOCS, which will prevent the partial routing of the signal "IN_STREAM_TDATA[4]". Without this partial route, timing analysis to/from this port will not be accurate, and no routing information for this port can be exported.
WARNING: [Route 35-198] Port "cols[1]" does not have an associated HD.PARTPIN_LOCS, which will prevent the partial routing of the signal "cols[1]". Without this partial route, timing analysis to/from this port will not be accurate, and no routing information for this port can be exported.
WARNING: [Route 35-198] Port "IN_STREAM_TDATA[2]" does not have an associated HD.PARTPIN_LOCS, which will prevent the partial routing of the signal "IN_STREAM_TDATA[2]". Without this partial route, timing analysis to/from this port will not be accurate, and no routing information for this port can be exported.
WARNING: [Route 35-198] Port "cols[6]" does not have an associated HD.PARTPIN_LOCS, which will prevent the partial routing of the signal "cols[6]". Without this partial route, timing analysis to/from this port will not be accurate, and no routing information for this port can be exported.
WARNING: [Route 35-198] Port "IN_STREAM_TDATA[23]" does not have an associated HD.PARTPIN_LOCS, which will prevent the partial routing of the signal "IN_STREAM_TDATA[23]". Without this partial route, timing analysis to/from this port will not be accurate, and no routing information for this port can be exported.
WARNING: [Route 35-198] Port "IN_STREAM_TDATA[5]" does not have an associated HD.PARTPIN_LOCS, which will prevent the partial routing of the signal "IN_STREAM_TDATA[5]". Without this partial route, timing analysis to/from this port will not be accurate, and no routing information for this port can be exported.
WARNING: [Route 35-198] Port "IN_STREAM_TDATA[3]" does not have an associated HD.PARTPIN_LOCS, which will prevent the partial routing of the signal "IN_STREAM_TDATA[3]". Without this partial route, timing analysis to/from this port will not be accurate, and no routing information for this port can be exported.
WARNING: [Route 35-198] Port "cols[4]" does not have an associated HD.PARTPIN_LOCS, which will prevent the partial routing of the signal "cols[4]". Without this partial route, timing analysis to/from this port will not be accurate, and no routing information for this port can be exported.
WARNING: [Route 35-198] Port "cols[11]" does not have an associated HD.PARTPIN_LOCS, which will prevent the partial routing of the signal "cols[11]". Without this partial route, timing analysis to/from this port will not be accurate, and no routing information for this port can be exported.
WARNING: [Route 35-198] Port "cols[7]" does not have an associated HD.PARTPIN_LOCS, which will prevent the partial routing of the signal "cols[7]". Without this partial route, timing analysis to/from this port will not be accurate, and no routing information for this port can be exported.
WARNING: [Route 35-198] Port "IN_STREAM_TDATA[12]" does not have an associated HD.PARTPIN_LOCS, which will prevent the partial routing of the signal "IN_STREAM_TDATA[12]". Without this partial route, timing analysis to/from this port will not be accurate, and no routing information for this port can be exported.
WARNING: [Route 35-198] Port "IN_STREAM_TDATA[15]" does not have an associated HD.PARTPIN_LOCS, which will prevent the partial routing of the signal "IN_STREAM_TDATA[15]". Without this partial route, timing analysis to/from this port will not be accurate, and no routing information for this port can be exported.
WARNING: [Route 35-198] Port "IN_STREAM_TLAST[0]" does not have an associated HD.PARTPIN_LOCS, which will prevent the partial routing of the signal "IN_STREAM_TLAST[0]". Without this partial route, timing analysis to/from this port will not be accurate, and no routing information for this port can be exported.
WARNING: [Route 35-198] Port "IN_STREAM_TVALID" does not have an associated HD.PARTPIN_LOCS, which will prevent the partial routing of the signal "IN_STREAM_TVALID". Without this partial route, timing analysis to/from this port will not be accurate, and no routing information for this port can be exported.
WARNING: [Route 35-198] Port "cols[3]" does not have an associated HD.PARTPIN_LOCS, which will prevent the partial routing of the signal "cols[3]". Without this partial route, timing analysis to/from this port will not be accurate, and no routing information for this port can be exported.
WARNING: [Route 35-198] Port "IN_STREAM_TDATA[13]" does not have an associated HD.PARTPIN_LOCS, which will prevent the partial routing of the signal "IN_STREAM_TDATA[13]". Without this partial route, timing analysis to/from this port will not be accurate, and no routing information for this port can be exported.
WARNING: [Route 35-198] Port "cols[0]" does not have an associated HD.PARTPIN_LOCS, which will prevent the partial routing of the signal "cols[0]". Without this partial route, timing analysis to/from this port will not be accurate, and no routing information for this port can be exported.
WARNING: [Route 35-198] Port "IN_STREAM_TDATA[14]" does not have an associated HD.PARTPIN_LOCS, which will prevent the partial routing of the signal "IN_STREAM_TDATA[14]". Without this partial route, timing analysis to/from this port will not be accurate, and no routing information for this port can be exported.
WARNING: [Route 35-198] Port "cols[2]" does not have an associated HD.PARTPIN_LOCS, which will prevent the partial routing of the signal "cols[2]". Without this partial route, timing analysis to/from this port will not be accurate, and no routing information for this port can be exported.
WARNING: [Route 35-198] Port "cols[5]" does not have an associated HD.PARTPIN_LOCS, which will prevent the partial routing of the signal "cols[5]". Without this partial route, timing analysis to/from this port will not be accurate, and no routing information for this port can be exported.
WARNING: [Route 35-198] Port "rows[1]" does not have an associated HD.PARTPIN_LOCS, which will prevent the partial routing of the signal "rows[1]". Without this partial route, timing analysis to/from this port will not be accurate, and no routing information for this port can be exported.
WARNING: [Route 35-198] Port "rows[2]" does not have an associated HD.PARTPIN_LOCS, which will prevent the partial routing of the signal "rows[2]". Without this partial route, timing analysis to/from this port will not be accurate, and no routing information for this port can be exported.
WARNING: [Route 35-198] Port "rows[7]" does not have an associated HD.PARTPIN_LOCS, which will prevent the partial routing of the signal "rows[7]". Without this partial route, timing analysis to/from this port will not be accurate, and no routing information for this port can be exported.
WARNING: [Route 35-198] Port "rows[0]" does not have an associated HD.PARTPIN_LOCS, which will prevent the partial routing of the signal "rows[0]". Without this partial route, timing analysis to/from this port will not be accurate, and no routing information for this port can be exported.
WARNING: [Route 35-198] Port "rows[11]" does not have an associated HD.PARTPIN_LOCS, which will prevent the partial routing of the signal "rows[11]". Without this partial route, timing analysis to/from this port will not be accurate, and no routing information for this port can be exported.
WARNING: [Route 35-198] Port "rows[8]" does not have an associated HD.PARTPIN_LOCS, which will prevent the partial routing of the signal "rows[8]". Without this partial route, timing analysis to/from this port will not be accurate, and no routing information for this port can be exported.
WARNING: [Route 35-198] Port "IN_STREAM_TUSER[0]" does not have an associated HD.PARTPIN_LOCS, which will prevent the partial routing of the signal "IN_STREAM_TUSER[0]". Without this partial route, timing analysis to/from this port will not be accurate, and no routing information for this port can be exported.
WARNING: [Route 35-198] Port "rows[5]" does not have an associated HD.PARTPIN_LOCS, which will prevent the partial routing of the signal "rows[5]". Without this partial route, timing analysis to/from this port will not be accurate, and no routing information for this port can be exported.
WARNING: [Route 35-198] Port "rows[9]" does not have an associated HD.PARTPIN_LOCS, which will prevent the partial routing of the signal "rows[9]". Without this partial route, timing analysis to/from this port will not be accurate, and no routing information for this port can be exported.
WARNING: [Route 35-198] Port "rows[3]" does not have an associated HD.PARTPIN_LOCS, which will prevent the partial routing of the signal "rows[3]". Without this partial route, timing analysis to/from this port will not be accurate, and no routing information for this port can be exported.
WARNING: [Route 35-198] Port "rows[6]" does not have an associated HD.PARTPIN_LOCS, which will prevent the partial routing of the signal "rows[6]". Without this partial route, timing analysis to/from this port will not be accurate, and no routing information for this port can be exported.
WARNING: [Route 35-198] Port "rows[10]" does not have an associated HD.PARTPIN_LOCS, which will prevent the partial routing of the signal "rows[10]". Without this partial route, timing analysis to/from this port will not be accurate, and no routing information for this port can be exported.
WARNING: [Route 35-198] Port "rows[4]" does not have an associated HD.PARTPIN_LOCS, which will prevent the partial routing of the signal "rows[4]". Without this partial route, timing analysis to/from this port will not be accurate, and no routing information for this port can be exported.
WARNING: [Route 35-198] Port "OUT_STREAM_TREADY" does not have an associated HD.PARTPIN_LOCS, which will prevent the partial routing of the signal "OUT_STREAM_TREADY". Without this partial route, timing analysis to/from this port will not be accurate, and no routing information for this port can be exported.
Phase 1 Build RT Design | Checksum: da30bd28

Time (s): cpu = 00:00:33 ; elapsed = 00:00:27 . Memory (MB): peak = 1277.609 ; gain = 99.375

Phase 2 Router Initialization

Phase 2.1 Create Timer
Phase 2.1 Create Timer | Checksum: da30bd28

Time (s): cpu = 00:00:34 ; elapsed = 00:00:27 . Memory (MB): peak = 1277.609 ; gain = 99.375

Phase 2.2 Pre Route Cleanup
Phase 2.2 Pre Route Cleanup | Checksum: da30bd28

Time (s): cpu = 00:00:34 ; elapsed = 00:00:27 . Memory (MB): peak = 1278.684 ; gain = 100.449
 Number of Nodes with overlaps = 0

Phase 2.3 Update Timing
Phase 2.3 Update Timing | Checksum: 14a5c7ce6

Time (s): cpu = 00:00:45 ; elapsed = 00:00:34 . Memory (MB): peak = 1313.480 ; gain = 135.246
INFO: [Route 35-57] Estimated Timing Summary | WNS=0.65   | TNS=0      | WHS=-0.344 | THS=-166   |

Phase 2 Router Initialization | Checksum: 19fe40c49

Time (s): cpu = 00:00:49 ; elapsed = 00:00:36 . Memory (MB): peak = 1323.711 ; gain = 145.477

Phase 3 Initial Routing
Phase 3 Initial Routing | Checksum: 23ec0eae6

Time (s): cpu = 00:00:53 ; elapsed = 00:00:38 . Memory (MB): peak = 1323.711 ; gain = 145.477

Phase 4 Rip-up And Reroute

Phase 4.1 Global Iteration 0
 Number of Nodes with overlaps = 2966
 Number of Nodes with overlaps = 691
 Number of Nodes with overlaps = 165
 Number of Nodes with overlaps = 53
 Number of Nodes with overlaps = 27
 Number of Nodes with overlaps = 8
 Number of Nodes with overlaps = 2
 Number of Nodes with overlaps = 6
 Number of Nodes with overlaps = 3
 Number of Nodes with overlaps = 1
INFO: [Route 35-325] The following overlapped node exist in the design and there is low overall congestion. 
Resolution: Check for routing resource conflicts on the identified nets or significant localized congestion using the Route Congestion Metrics in the Device View. 
1. INT_R_X63Y38/IMUX12
Overlapping nets: 2
	toThreshold_Loop_GradientLoop_proc_U0/toThreshold_dsub_64ns_64ns_64_5_full_dsp_U85/toThreshold_ap_dsub_3_full_dsp_64_u/U0/i_synth/ADDSUB_OP.ADDSUB/SPEED_OP.LOGIC.OP/ALIGN_BLK/FRAC_ADDSUB/DSP_ADD.FRAC_ADDSUB/DSP48E1_ADD.DSP48E1_ADD/n_2_opt_has_pipe.first_q[37]_i_2
	toThreshold_Loop_GradientLoop_proc_U0/toThreshold_dsub_64ns_64ns_64_5_full_dsp_U85/toThreshold_ap_dsub_3_full_dsp_64_u/U0/i_synth/ADDSUB_OP.ADDSUB/SPEED_OP.LOGIC.OP/ALIGN_BLK/FRAC_ADDSUB/DSP_ADD.FRAC_ADDSUB/DSP48E1_ADD.DSP48E1_ADD/n_2_opt_has_pipe.first_q[38]_i_3

 Number of Nodes with overlaps = 0

Phase 4.1.1 Update Timing
Phase 4.1.1 Update Timing | Checksum: 2c4e814db

Time (s): cpu = 00:01:14 ; elapsed = 00:00:50 . Memory (MB): peak = 1323.711 ; gain = 145.477
INFO: [Route 35-57] Estimated Timing Summary | WNS=0.25   | TNS=0      | WHS=N/A    | THS=N/A    |

Phase 4.1 Global Iteration 0 | Checksum: 1e1010afc

Time (s): cpu = 00:01:14 ; elapsed = 00:00:50 . Memory (MB): peak = 1323.711 ; gain = 145.477
Phase 4 Rip-up And Reroute | Checksum: 1e1010afc

Time (s): cpu = 00:01:14 ; elapsed = 00:00:51 . Memory (MB): peak = 1323.711 ; gain = 145.477

Phase 5 Delay CleanUp

Phase 5.1 Update Timing
Phase 5.1 Update Timing | Checksum: 1f116b001

Time (s): cpu = 00:01:16 ; elapsed = 00:00:51 . Memory (MB): peak = 1323.711 ; gain = 145.477
INFO: [Route 35-57] Estimated Timing Summary | WNS=0.365  | TNS=0      | WHS=N/A    | THS=N/A    |

Phase 5 Delay CleanUp | Checksum: 1f116b001

Time (s): cpu = 00:01:16 ; elapsed = 00:00:51 . Memory (MB): peak = 1323.711 ; gain = 145.477

Phase 6 Clock Skew Optimization
Phase 6 Clock Skew Optimization | Checksum: 1f116b001

Time (s): cpu = 00:01:16 ; elapsed = 00:00:51 . Memory (MB): peak = 1323.711 ; gain = 145.477

Phase 7 Post Hold Fix

Phase 7.1 Update Timing
Phase 7.1 Update Timing | Checksum: 188ce5b10

Time (s): cpu = 00:01:18 ; elapsed = 00:00:53 . Memory (MB): peak = 1323.711 ; gain = 145.477
INFO: [Route 35-57] Estimated Timing Summary | WNS=0.365  | TNS=0      | WHS=0.031  | THS=0      |

Phase 7 Post Hold Fix | Checksum: 1b2599bdb

Time (s): cpu = 00:01:18 ; elapsed = 00:00:53 . Memory (MB): peak = 1323.711 ; gain = 145.477

Phase 8 Route finalize

Router Utilization Summary
  Global Vertical Routing Utilization    = 3.99518 %
  Global Horizontal Routing Utilization  = 5.37745 %
  Routable Net Status*
  *Does not include unroutable nets such as driverless and loadless.
  Run report_route_status for detailed report.
  Number of Failed Nets               = 0
  Number of Unrouted Nets             = 0
  Number of Partially Routed Nets     = 0
  Number of Node Overlaps             = 0

Phase 8 Route finalize | Checksum: 16deb9187

Time (s): cpu = 00:01:18 ; elapsed = 00:00:53 . Memory (MB): peak = 1323.711 ; gain = 145.477

Phase 9 Verifying routed nets

 Verification completed successfully
Phase 9 Verifying routed nets | Checksum: 16deb9187

Time (s): cpu = 00:01:18 ; elapsed = 00:00:53 . Memory (MB): peak = 1323.711 ; gain = 145.477

Phase 10 Depositing Routes
Phase 10 Depositing Routes | Checksum: bcfeff01

Time (s): cpu = 00:01:20 ; elapsed = 00:00:54 . Memory (MB): peak = 1323.711 ; gain = 145.477

Phase 11 Post Router Timing
INFO: [Route 35-57] Estimated Timing Summary | WNS=0.365  | TNS=0      | WHS=0.031  | THS=0      |

INFO: [Route 35-327] The final timing numbers are based on the router estimated timing analysis. For a complete and accurate timing signoff, please run report_timing_summary.
Phase 11 Post Router Timing | Checksum: bcfeff01

Time (s): cpu = 00:01:20 ; elapsed = 00:00:54 . Memory (MB): peak = 1323.711 ; gain = 145.477
INFO: [Route 35-16] Router Completed Successfully

Routing Is Done.

Time (s): cpu = 00:00:00 ; elapsed = 00:00:55 . Memory (MB): peak = 1323.711 ; gain = 145.477
INFO: [Common 17-83] Releasing license: Implementation
60 Infos, 74 Warnings, 0 Critical Warnings and 0 Errors encountered.
route_design completed successfully
route_design: Time (s): cpu = 00:01:22 ; elapsed = 00:00:57 . Memory (MB): peak = 1323.711 ; gain = 181.512
Writing placer database...
Writing XDEF routing.
Writing XDEF routing logical nets.
Writing XDEF routing special nets.
Write XDEF Complete: Time (s): cpu = 00:00:07 ; elapsed = 00:00:04 . Memory (MB): peak = 1323.711 ; gain = 0.000
write_checkpoint: Time (s): cpu = 00:00:09 ; elapsed = 00:00:05 . Memory (MB): peak = 1323.711 ; gain = 0.000
INFO: [Drc 23-27] Running DRC with 2 threads
INFO: [Coretcl 2-168] The results of DRC are in file C:/Xilinx/Projects/threshold_IP_hls/threshold_IP/solution1/impl/verilog/project.runs/impl_1/toThreshold_drc_routed.rpt.
INFO: [Timing 38-91] UpdateTimingParams: Speed grade: -1, Delay Type: min_max.
INFO: [Timing 38-191] Multithreading enabled for timing update using a maximum of 2 CPUs
report_timing_summary: Time (s): cpu = 00:00:11 ; elapsed = 00:00:07 . Memory (MB): peak = 1335.184 ; gain = 0.000
Running Vector-less Activity Propagation...

Finished Running Vector-less Activity Propagation
INFO: [Common 17-206] Exiting Vivado at Fri Jun 26 18:24:25 2015...
