

================================================================
== Vivado HLS Report for 'toThreshold_Block_proc'
================================================================
* Date:           Fri Jun 26 18:10:51 2015

* Version:        2014.4 (Build 1071461 on Tue Nov 18 16:42:57 PM 2014)
* Project:        threshold_IP
* Solution:       solution1
* Product family: zynq
* Target device:  xc7z020clg484-1


================================================================
== Performance Estimates
================================================================
+ Timing (ns): 
    * Summary: 
    +---------+-------+----------+------------+
    |  Clock  | Target| Estimated| Uncertainty|
    +---------+-------+----------+------------+
    |default  |  10.00|      0.00|        1.25|
    +---------+-------+----------+------------+

+ Latency (clock cycles): 
    * Summary: 
    +-----+-----+-----+-----+---------+
    |  Latency  |  Interval | Pipeline|
    | min | max | min | max |   Type  |
    +-----+-----+-----+-----+---------+
    |    0|    0|    0|    0|   none  |
    +-----+-----+-----+-----+---------+

    + Detail: 
        * Instance: 
        N/A

        * Loop: 
        N/A



================================================================
== Utilization Estimates
================================================================
* Summary: 
+-----------------+---------+-------+--------+-------+
|       Name      | BRAM_18K| DSP48E|   FF   |  LUT  |
+-----------------+---------+-------+--------+-------+
|Expression       |        -|      -|       0|      1|
|FIFO             |        -|      -|       -|      -|
|Instance         |        -|      -|       -|      -|
|Memory           |        -|      -|       -|      -|
|Multiplexer      |        -|      -|       -|    312|
|Register         |        -|      -|     314|      -|
+-----------------+---------+-------+--------+-------+
|Total            |        0|      0|     314|    313|
+-----------------+---------+-------+--------+-------+
|Available        |      280|    220|  106400|  53200|
+-----------------+---------+-------+--------+-------+
|Utilization (%)  |        0|      0|   ~0   |   ~0  |
+-----------------+---------+-------+--------+-------+

+ Detail: 
    * Instance: 
    N/A

    * Memory: 
    N/A

    * FIFO: 
    N/A

    * Expression: 
    +---------------+----------+-------+---+----+------------+------------+
    | Variable Name | Operation| DSP48E| FF| LUT| Bitwidth P0| Bitwidth P1|
    +---------------+----------+-------+---+----+------------+------------+
    |ap_sig_bdd_60  |    or    |      0|  0|   1|           1|           1|
    +---------------+----------+-------+---+----+------------+------------+
    |Total          |          |      0|  0|   1|           1|           1|
    +---------------+----------+-------+---+----+------------+------------+

    * Multiplexer: 
    +--------------+----+-----------+-----+-----------+
    |     Name     | LUT| Input Size| Bits| Total Bits|
    +--------------+----+-----------+-----+-----------+
    |ap_return_0   |  12|          2|   12|         24|
    |ap_return_1   |  12|          2|   12|         24|
    |ap_return_10  |  12|          2|   12|         24|
    |ap_return_11  |  12|          2|   12|         24|
    |ap_return_12  |  12|          2|   12|         24|
    |ap_return_13  |  12|          2|   12|         24|
    |ap_return_14  |  12|          2|   12|         24|
    |ap_return_15  |  12|          2|   12|         24|
    |ap_return_16  |  12|          2|   12|         24|
    |ap_return_17  |  12|          2|   12|         24|
    |ap_return_18  |  12|          2|   12|         24|
    |ap_return_19  |  12|          2|   12|         24|
    |ap_return_2   |  12|          2|   12|         24|
    |ap_return_20  |  12|          2|   12|         24|
    |ap_return_21  |  12|          2|   12|         24|
    |ap_return_22  |  12|          2|   12|         24|
    |ap_return_23  |  12|          2|   12|         24|
    |ap_return_24  |  12|          2|   12|         24|
    |ap_return_25  |  12|          2|   12|         24|
    |ap_return_3   |  12|          2|   12|         24|
    |ap_return_4   |  12|          2|   12|         24|
    |ap_return_5   |  12|          2|   12|         24|
    |ap_return_6   |  12|          2|   12|         24|
    |ap_return_7   |  12|          2|   12|         24|
    |ap_return_8   |  12|          2|   12|         24|
    |ap_return_9   |  12|          2|   12|         24|
    +--------------+----+-----------+-----+-----------+
    |Total         | 312|         52|  312|        624|
    +--------------+----+-----------+-----+-----------+

    * Register: 
    +-------------------+----+----+-----+-----------+
    |        Name       | FF | LUT| Bits| Const Bits|
    +-------------------+----+----+-----+-----------+
    |ap_CS_fsm          |   1|   0|    1|          0|
    |ap_done_reg        |   1|   0|    1|          0|
    |ap_return_0_preg   |  12|   0|   12|          0|
    |ap_return_10_preg  |  12|   0|   12|          0|
    |ap_return_11_preg  |  12|   0|   12|          0|
    |ap_return_12_preg  |  12|   0|   12|          0|
    |ap_return_13_preg  |  12|   0|   12|          0|
    |ap_return_14_preg  |  12|   0|   12|          0|
    |ap_return_15_preg  |  12|   0|   12|          0|
    |ap_return_16_preg  |  12|   0|   12|          0|
    |ap_return_17_preg  |  12|   0|   12|          0|
    |ap_return_18_preg  |  12|   0|   12|          0|
    |ap_return_19_preg  |  12|   0|   12|          0|
    |ap_return_1_preg   |  12|   0|   12|          0|
    |ap_return_20_preg  |  12|   0|   12|          0|
    |ap_return_21_preg  |  12|   0|   12|          0|
    |ap_return_22_preg  |  12|   0|   12|          0|
    |ap_return_23_preg  |  12|   0|   12|          0|
    |ap_return_24_preg  |  12|   0|   12|          0|
    |ap_return_25_preg  |  12|   0|   12|          0|
    |ap_return_2_preg   |  12|   0|   12|          0|
    |ap_return_3_preg   |  12|   0|   12|          0|
    |ap_return_4_preg   |  12|   0|   12|          0|
    |ap_return_5_preg   |  12|   0|   12|          0|
    |ap_return_6_preg   |  12|   0|   12|          0|
    |ap_return_7_preg   |  12|   0|   12|          0|
    |ap_return_8_preg   |  12|   0|   12|          0|
    |ap_return_9_preg   |  12|   0|   12|          0|
    +-------------------+----+----+-----+-----------+
    |Total              | 314|   0|  314|          0|
    +-------------------+----+----+-----+-----------+



================================================================
== Interface
================================================================
* Summary: 
+--------------+-----+-----+------------+-------------------------+--------------+
|   RTL Ports  | Dir | Bits|  Protocol  |      Source Object      |    C Type    |
+--------------+-----+-----+------------+-------------------------+--------------+
|ap_clk        |  in |    1| ap_ctrl_hs | toThreshold_Block__proc | return value |
|ap_rst        |  in |    1| ap_ctrl_hs | toThreshold_Block__proc | return value |
|ap_start      |  in |    1| ap_ctrl_hs | toThreshold_Block__proc | return value |
|ap_done       | out |    1| ap_ctrl_hs | toThreshold_Block__proc | return value |
|ap_continue   |  in |    1| ap_ctrl_hs | toThreshold_Block__proc | return value |
|ap_idle       | out |    1| ap_ctrl_hs | toThreshold_Block__proc | return value |
|ap_ready      | out |    1| ap_ctrl_hs | toThreshold_Block__proc | return value |
|ap_return_0   | out |   12| ap_ctrl_hs | toThreshold_Block__proc | return value |
|ap_return_1   | out |   12| ap_ctrl_hs | toThreshold_Block__proc | return value |
|ap_return_2   | out |   12| ap_ctrl_hs | toThreshold_Block__proc | return value |
|ap_return_3   | out |   12| ap_ctrl_hs | toThreshold_Block__proc | return value |
|ap_return_4   | out |   12| ap_ctrl_hs | toThreshold_Block__proc | return value |
|ap_return_5   | out |   12| ap_ctrl_hs | toThreshold_Block__proc | return value |
|ap_return_6   | out |   12| ap_ctrl_hs | toThreshold_Block__proc | return value |
|ap_return_7   | out |   12| ap_ctrl_hs | toThreshold_Block__proc | return value |
|ap_return_8   | out |   12| ap_ctrl_hs | toThreshold_Block__proc | return value |
|ap_return_9   | out |   12| ap_ctrl_hs | toThreshold_Block__proc | return value |
|ap_return_10  | out |   12| ap_ctrl_hs | toThreshold_Block__proc | return value |
|ap_return_11  | out |   12| ap_ctrl_hs | toThreshold_Block__proc | return value |
|ap_return_12  | out |   12| ap_ctrl_hs | toThreshold_Block__proc | return value |
|ap_return_13  | out |   12| ap_ctrl_hs | toThreshold_Block__proc | return value |
|ap_return_14  | out |   12| ap_ctrl_hs | toThreshold_Block__proc | return value |
|ap_return_15  | out |   12| ap_ctrl_hs | toThreshold_Block__proc | return value |
|ap_return_16  | out |   12| ap_ctrl_hs | toThreshold_Block__proc | return value |
|ap_return_17  | out |   12| ap_ctrl_hs | toThreshold_Block__proc | return value |
|ap_return_18  | out |   12| ap_ctrl_hs | toThreshold_Block__proc | return value |
|ap_return_19  | out |   12| ap_ctrl_hs | toThreshold_Block__proc | return value |
|ap_return_20  | out |   12| ap_ctrl_hs | toThreshold_Block__proc | return value |
|ap_return_21  | out |   12| ap_ctrl_hs | toThreshold_Block__proc | return value |
|ap_return_22  | out |   12| ap_ctrl_hs | toThreshold_Block__proc | return value |
|ap_return_23  | out |   12| ap_ctrl_hs | toThreshold_Block__proc | return value |
|ap_return_24  | out |   12| ap_ctrl_hs | toThreshold_Block__proc | return value |
|ap_return_25  | out |   12| ap_ctrl_hs | toThreshold_Block__proc | return value |
|rows          |  in |   32|   ap_none  |           rows          |    scalar    |
|cols          |  in |   32|   ap_none  |           cols          |    scalar    |
+--------------+-----+-----+------------+-------------------------+--------------+

