

================================================================
== Vivado HLS Report for 'toThreshold_Filter2D'
================================================================
* Date:           Fri Jun 26 18:10:53 2015

* Version:        2014.4 (Build 1071461 on Tue Nov 18 16:42:57 PM 2014)
* Project:        threshold_IP
* Solution:       solution1
* Product family: zynq
* Target device:  xc7z020clg484-1


================================================================
== Performance Estimates
================================================================
+ Timing (ns): 
    * Summary: 
    +---------+-------+----------+------------+
    |  Clock  | Target| Estimated| Uncertainty|
    +---------+-------+----------+------------+
    |default  |  10.00|      8.67|        1.25|
    +---------+-------+----------+------------+

+ Latency (clock cycles): 
    * Summary: 
    +-----+---------+-----+---------+---------+
    |    Latency    |    Interval   | Pipeline|
    | min |   max   | min |   max   |   Type  |
    +-----+---------+-----+---------+---------+
    |  477|  2112661|  477|  2112661|   none  |
    +-----+---------+-----+---------+---------+

    + Detail: 
        * Instance: 
        +------------------------------------------+-------------------------------+-----+-----+-----+-----+----------+
        |                                          |                               |  Latency  |  Interval | Pipeline |
        |                 Instance                 |             Module            | min | max | min | max |   Type   |
        +------------------------------------------+-------------------------------+-----+-----+-----+-----+----------+
        |grp_toThreshold_borderInterpolate_fu_479  |toThreshold_borderInterpolate  |    2|    2|    1|    1| function |
        |grp_toThreshold_borderInterpolate_fu_487  |toThreshold_borderInterpolate  |    2|    2|    1|    1| function |
        |grp_toThreshold_borderInterpolate_fu_495  |toThreshold_borderInterpolate  |    2|    2|    1|    1| function |
        |grp_toThreshold_borderInterpolate_fu_503  |toThreshold_borderInterpolate  |    2|    2|    1|    1| function |
        |grp_toThreshold_borderInterpolate_fu_511  |toThreshold_borderInterpolate  |    2|    2|    1|    1| function |
        |grp_toThreshold_borderInterpolate_fu_519  |toThreshold_borderInterpolate  |    2|    2|    1|    1| function |
        +------------------------------------------+-------------------------------+-----+-----+-----+-----+----------+

        * Loop: 
        +---------------+-----+---------+-----------+-----------+-----------+-----------+----------+
        |               |    Latency    | Iteration |  Initiation Interval  |    Trip   |          |
        |   Loop Name   | min |   max   |  Latency  |  achieved |   target  |   Count   | Pipelined|
        +---------------+-----+---------+-----------+-----------+-----------+-----------+----------+
        |- loop_height  |  476|  2112660| 28 ~ 1940 |          -|          -| 17 ~ 1089 |    no    |
        | + loop_width  |   25|     1937|         15|          1|          1| 12 ~ 1924 |    yes   |
        +---------------+-----+---------+-----------+-----------+-----------+-----------+----------+



================================================================
== Utilization Estimates
================================================================
* Summary: 
+-----------------+---------+-------+--------+-------+
|       Name      | BRAM_18K| DSP48E|   FF   |  LUT  |
+-----------------+---------+-------+--------+-------+
|Expression       |        -|     23|       0|   1017|
|FIFO             |        -|      -|       -|      -|
|Instance         |        -|      -|     780|   2262|
|Memory           |        5|      -|       0|      0|
|Multiplexer      |        -|      -|       -|     74|
|Register         |        -|      -|    1387|    109|
+-----------------+---------+-------+--------+-------+
|Total            |        5|     23|    2167|   3462|
+-----------------+---------+-------+--------+-------+
|Available        |      280|    220|  106400|  53200|
+-----------------+---------+-------+--------+-------+
|Utilization (%)  |        1|     10|       2|      6|
+-----------------+---------+-------+--------+-------+

+ Detail: 
    * Instance: 
    +------------------------------------------+-------------------------------+---------+-------+-----+-----+
    |                 Instance                 |             Module            | BRAM_18K| DSP48E|  FF | LUT |
    +------------------------------------------+-------------------------------+---------+-------+-----+-----+
    |grp_toThreshold_borderInterpolate_fu_479  |toThreshold_borderInterpolate  |        0|      0|  130|  377|
    |grp_toThreshold_borderInterpolate_fu_487  |toThreshold_borderInterpolate  |        0|      0|  130|  377|
    |grp_toThreshold_borderInterpolate_fu_495  |toThreshold_borderInterpolate  |        0|      0|  130|  377|
    |grp_toThreshold_borderInterpolate_fu_503  |toThreshold_borderInterpolate  |        0|      0|  130|  377|
    |grp_toThreshold_borderInterpolate_fu_511  |toThreshold_borderInterpolate  |        0|      0|  130|  377|
    |grp_toThreshold_borderInterpolate_fu_519  |toThreshold_borderInterpolate  |        0|      0|  130|  377|
    +------------------------------------------+-------------------------------+---------+-------+-----+-----+
    |Total                                     |                               |        0|      0|  780| 2262|
    +------------------------------------------+-------------------------------+---------+-------+-----+-----+

    * Memory: 
    +-----------------+--------------------------------------------------+---------+---+----+------+-----+------+-------------+
    |      Memory     |                      Module                      | BRAM_18K| FF| LUT| Words| Bits| Banks| W*Bits*Banks|
    +-----------------+--------------------------------------------------+---------+---+----+------+-----+------+-------------+
    |k_buf_0_val_0_U  |toThreshold_Dilate_0_0_1080_1920_s_k_buf_0_val_0  |        1|  0|   0|  1920|    8|     1|        15360|
    |k_buf_0_val_1_U  |toThreshold_Dilate_0_0_1080_1920_s_k_buf_0_val_0  |        1|  0|   0|  1920|    8|     1|        15360|
    |k_buf_0_val_2_U  |toThreshold_Dilate_0_0_1080_1920_s_k_buf_0_val_0  |        1|  0|   0|  1920|    8|     1|        15360|
    |k_buf_0_val_3_U  |toThreshold_Dilate_0_0_1080_1920_s_k_buf_0_val_0  |        1|  0|   0|  1920|    8|     1|        15360|
    |k_buf_0_val_4_U  |toThreshold_Dilate_0_0_1080_1920_s_k_buf_0_val_0  |        1|  0|   0|  1920|    8|     1|        15360|
    +-----------------+--------------------------------------------------+---------+---+----+------+-----+------+-------------+
    |Total            |                                                  |        5|  0|   0|  9600|   40|     5|        76800|
    +-----------------+--------------------------------------------------+---------+---+----+------+-----+------+-------------+

    * FIFO: 
    N/A

    * Expression: 
    +--------------------------------------------+----------+-------+---+----+------------+------------+
    |                Variable Name               | Operation| DSP48E| FF| LUT| Bitwidth P0| Bitwidth P1|
    +--------------------------------------------+----------+-------+---+----+------------+------------+
    |p_Val2_11_0_1_fu_1862_p2                    |     *    |      1|  0|   0|           8|           9|
    |p_Val2_11_0_2_fu_2023_p2                    |     *    |      1|  0|   0|           8|           9|
    |p_Val2_11_0_3_fu_2177_p2                    |     *    |      1|  0|   0|           8|           9|
    |p_Val2_11_0_4_fu_2190_p2                    |     *    |      1|  0|   0|           8|           7|
    |p_Val2_11_1_1_fu_2247_p2                    |     *    |      1|  0|   0|           8|          10|
    |p_Val2_11_1_2_fu_2302_p2                    |     *    |      1|  0|   0|           8|          11|
    |p_Val2_11_1_3_fu_2373_p2                    |     *    |      1|  0|   0|           8|          10|
    |p_Val2_11_1_4_fu_2266_p2                    |     *    |      1|  0|   0|           8|           9|
    |p_Val2_11_1_fu_2042_p2                      |     *    |      1|  0|   0|           8|           9|
    |p_Val2_11_2_1_fu_2382_p2                    |     *    |      1|  0|   0|           8|          11|
    |p_Val2_11_2_2_fu_2340_p2                    |     *    |      1|  0|   0|           8|          12|
    |p_Val2_11_2_3_fu_2409_p2                    |     *    |      1|  0|   0|           8|          11|
    |p_Val2_11_2_4_fu_2217_p2                    |     *    |      1|  0|   0|           8|           9|
    |p_Val2_11_2_fu_2321_p2                      |     *    |      1|  0|   0|           8|           9|
    |p_Val2_11_3_1_fu_1942_p2                    |     *    |      1|  0|   0|           8|          10|
    |p_Val2_11_3_2_fu_1952_p2                    |     *    |      1|  0|   0|           8|          11|
    |p_Val2_11_3_3_fu_2051_p2                    |     *    |      1|  0|   0|           8|          10|
    |p_Val2_11_4_1_fu_2069_p2                    |     *    |      1|  0|   0|           8|           9|
    |p_Val2_11_4_2_fu_2275_p2                    |     *    |      1|  0|   0|           8|           9|
    |p_Val2_11_4_3_fu_2078_p2                    |     *    |      1|  0|   0|           8|           9|
    |p_Val2_s_fu_1915_p2                         |     *    |      1|  0|   0|           8|           7|
    |tmp28_fu_1972_p2                            |     *    |      1|  0|   0|           9|           9|
    |tmp29_fu_2115_p2                            |     *    |      1|  0|   0|           9|           7|
    |ImagLoc_x_fu_838_p2                         |     +    |      0|  0|  12|          12|           3|
    |ImagLoc_y_fu_690_p2                         |     +    |      0|  0|  12|          12|           4|
    |col_assign_18_2_fu_896_p2                   |     +    |      0|  0|  12|          12|          12|
    |col_assign_2_fu_929_p2                      |     +    |      0|  0|   3|           3|           3|
    |col_assign_fu_891_p2                        |     +    |      0|  0|   3|           3|           3|
    |heightloop_fu_627_p2                        |     +    |      0|  0|  11|          11|           4|
    |i_V_fu_678_p2                               |     +    |      0|  0|  11|          11|           1|
    |j_V_fu_811_p2                               |     +    |      0|  0|  11|          11|           1|
    |p_Val2_14_1_fu_2236_p2                      |     +    |      0|  0|  19|          19|          19|
    |p_Val2_14_2_1_fu_2424_p2                    |     +    |      0|  0|  21|          21|          21|
    |p_Val2_4_fu_2448_p2                         |     +    |      0|  0|   8|          22|          22|
    |p_Val2_6_fu_2484_p2                         |     +    |      0|  0|   8|           8|           8|
    |ref_fu_659_p2                               |     +    |      0|  0|  11|          11|           2|
    |tmp18_fu_2440_p2                            |     +    |      0|  0|   8|          22|          22|
    |tmp19_fu_2432_p2                            |     +    |      0|  0|  22|          22|          22|
    |tmp21_fu_2223_p2                            |     +    |      0|  0|  20|          20|          20|
    |tmp24_fu_2346_p2                            |     +    |      0|  0|  19|          19|          19|
    |tmp_s_fu_639_p2                             |     +    |      0|  0|  11|          11|           4|
    |widthloop_fu_633_p2                         |     +    |      0|  0|  11|          11|           3|
    |y_3_1_fu_766_p2                             |     +    |      0|  0|  12|          12|           5|
    |y_3_2_fu_776_p2                             |     +    |      0|  0|  12|          12|           5|
    |y_3_3_fu_786_p2                             |     +    |      0|  0|  12|          12|           5|
    |y_3_fu_752_p2                               |     +    |      0|  0|  12|          12|           5|
    |locy_1_t_fu_1406_p2                         |     -    |      0|  0|   3|           3|           3|
    |locy_2_t_fu_1464_p2                         |     -    |      0|  0|   3|           3|           3|
    |locy_3_t_fu_1522_p2                         |     -    |      0|  0|   3|           3|           3|
    |locy_4_t_fu_925_p2                          |     -    |      0|  0|   3|           3|           3|
    |locy_fu_1348_p2                             |     -    |      0|  0|   3|           3|           3|
    |p_neg228_i_fu_649_p2                        |     -    |      0|  0|  12|           3|          12|
    |col_buf_0_val_0_0_15_fu_1704_p3             |  Select  |      0|  0|   8|           1|           8|
    |col_buf_0_val_0_0_2_fu_1665_p3              |  Select  |      0|  0|   8|           1|           8|
    |col_buf_0_val_0_0_3_fu_1678_p3              |  Select  |      0|  0|   8|           1|           8|
    |col_buf_0_val_0_0_4_fu_1691_p3              |  Select  |      0|  0|   8|           1|           8|
    |p_Val2_s_70_fu_2510_p3                      |  Select  |      0|  0|   8|           1|           8|
    |p_i_fu_737_p3                               |  Select  |      0|  0|  11|           1|           3|
    |right_border_buf_0_val_1_4_18_fu_1055_p3    |  Select  |      0|  0|   8|           1|           8|
    |right_border_buf_0_val_1_4_19_fu_1063_p3    |  Select  |      0|  0|   8|           1|           8|
    |right_border_buf_0_val_1_4_1_68_fu_1787_p3  |  Select  |      0|  0|   8|           1|           8|
    |right_border_buf_0_val_1_4_20_fu_1071_p3    |  Select  |      0|  0|   8|           1|           8|
    |right_border_buf_0_val_1_4_21_fu_1080_p3    |  Select  |      0|  0|   8|           1|           8|
    |right_border_buf_0_val_1_4_22_fu_1088_p3    |  Select  |      0|  0|   8|           1|           8|
    |right_border_buf_0_val_1_4_23_fu_1096_p3    |  Select  |      0|  0|   8|           1|           8|
    |right_border_buf_0_val_1_4_24_fu_1105_p3    |  Select  |      0|  0|   8|           1|           8|
    |right_border_buf_0_val_1_4_25_fu_1113_p3    |  Select  |      0|  0|   8|           1|           8|
    |right_border_buf_0_val_1_4_26_fu_1122_p3    |  Select  |      0|  0|   8|           1|           8|
    |right_border_buf_0_val_1_4_27_fu_1803_p3    |  Select  |      0|  0|   8|           1|           8|
    |right_border_buf_0_val_1_4_2_69_fu_1795_p3  |  Select  |      0|  0|   8|           1|           8|
    |right_border_buf_0_val_1_4_5_fu_999_p3      |  Select  |      0|  0|   8|           1|           8|
    |right_border_buf_0_val_1_4_6_fu_1012_p3     |  Select  |      0|  0|   8|           1|           8|
    |right_border_buf_0_val_1_4_7_fu_1025_p3     |  Select  |      0|  0|   8|           1|           8|
    |right_border_buf_0_val_1_4_8_fu_1038_p3     |  Select  |      0|  0|   8|           1|           8|
    |right_border_buf_0_val_1_4_9_fu_1047_p3     |  Select  |      0|  0|   8|           1|           8|
    |right_border_buf_0_val_1_4_fu_1779_p3       |  Select  |      0|  0|   8|           1|           8|
    |right_border_buf_0_val_2_4_13_fu_1770_p3    |  Select  |      0|  0|   8|           1|           8|
    |right_border_buf_0_val_2_4_1_66_fu_1754_p3  |  Select  |      0|  0|   8|           1|           8|
    |right_border_buf_0_val_2_4_2_67_fu_1762_p3  |  Select  |      0|  0|   8|           1|           8|
    |right_border_buf_0_val_2_4_fu_1746_p3       |  Select  |      0|  0|   8|           1|           8|
    |right_border_buf_0_val_3_4_18_fu_1232_p3    |  Select  |      0|  0|   8|           1|           8|
    |right_border_buf_0_val_3_4_19_fu_1240_p3    |  Select  |      0|  0|   8|           1|           8|
    |right_border_buf_0_val_3_4_1_64_fu_1721_p3  |  Select  |      0|  0|   8|           1|           8|
    |right_border_buf_0_val_3_4_20_fu_1248_p3    |  Select  |      0|  0|   8|           1|           8|
    |right_border_buf_0_val_3_4_21_fu_1257_p3    |  Select  |      0|  0|   8|           1|           8|
    |right_border_buf_0_val_3_4_22_fu_1265_p3    |  Select  |      0|  0|   8|           1|           8|
    |right_border_buf_0_val_3_4_23_fu_1273_p3    |  Select  |      0|  0|   8|           1|           8|
    |right_border_buf_0_val_3_4_24_fu_1282_p3    |  Select  |      0|  0|   8|           1|           8|
    |right_border_buf_0_val_3_4_25_fu_1290_p3    |  Select  |      0|  0|   8|           1|           8|
    |right_border_buf_0_val_3_4_26_fu_1299_p3    |  Select  |      0|  0|   8|           1|           8|
    |right_border_buf_0_val_3_4_27_fu_1737_p3    |  Select  |      0|  0|   8|           1|           8|
    |right_border_buf_0_val_3_4_2_65_fu_1729_p3  |  Select  |      0|  0|   8|           1|           8|
    |right_border_buf_0_val_3_4_5_fu_1176_p3     |  Select  |      0|  0|   8|           1|           8|
    |right_border_buf_0_val_3_4_6_fu_1189_p3     |  Select  |      0|  0|   8|           1|           8|
    |right_border_buf_0_val_3_4_7_fu_1202_p3     |  Select  |      0|  0|   8|           1|           8|
    |right_border_buf_0_val_3_4_8_fu_1215_p3     |  Select  |      0|  0|   8|           1|           8|
    |right_border_buf_0_val_3_4_9_fu_1224_p3     |  Select  |      0|  0|   8|           1|           8|
    |right_border_buf_0_val_3_4_fu_1713_p3       |  Select  |      0|  0|   8|           1|           8|
    |sel_tmp12_fu_1417_p3                        |  Select  |      0|  0|   8|           1|           8|
    |sel_tmp14_fu_1430_p3                        |  Select  |      0|  0|   8|           1|           8|
    |sel_tmp16_fu_1443_p3                        |  Select  |      0|  0|   8|           1|           8|
    |sel_tmp19_fu_1475_p3                        |  Select  |      0|  0|   8|           1|           8|
    |sel_tmp21_fu_1488_p3                        |  Select  |      0|  0|   8|           1|           8|
    |sel_tmp23_fu_1501_p3                        |  Select  |      0|  0|   8|           1|           8|
    |sel_tmp26_fu_1533_p3                        |  Select  |      0|  0|   8|           1|           8|
    |sel_tmp28_fu_1546_p3                        |  Select  |      0|  0|   8|           1|           8|
    |sel_tmp2_fu_1359_p3                         |  Select  |      0|  0|   8|           1|           8|
    |sel_tmp30_fu_1559_p3                        |  Select  |      0|  0|   8|           1|           8|
    |sel_tmp5_fu_1372_p3                         |  Select  |      0|  0|   8|           1|           8|
    |sel_tmp9_fu_1385_p3                         |  Select  |      0|  0|   8|           1|           8|
    |src_kernel_win_0_val_0_0_fu_1398_p3         |  Select  |      0|  0|   8|           1|           8|
    |src_kernel_win_0_val_1_0_fu_1456_p3         |  Select  |      0|  0|   8|           1|           8|
    |src_kernel_win_0_val_2_0_fu_1514_p3         |  Select  |      0|  0|   8|           1|           8|
    |src_kernel_win_0_val_3_0_fu_1572_p3         |  Select  |      0|  0|   8|           1|           8|
    |ap_sig_bdd_125                              |    and   |      0|  0|   1|           1|           1|
    |ap_sig_bdd_153                              |    and   |      0|  0|   1|           1|           1|
    |or_cond221_i_fu_833_p2                      |    and   |      0|  0|   1|           1|           1|
    |or_cond6_fu_723_p2                          |    and   |      0|  0|   1|           1|           1|
    |or_cond7_fu_872_p2                          |    and   |      0|  0|   1|           1|           1|
    |icmp1_fu_827_p2                             |   icmp   |      0|  0|   9|           9|           1|
    |icmp_fu_712_p2                              |   icmp   |      0|  0|  11|          10|           1|
    |sel_tmp10_fu_1392_p2                        |   icmp   |      0|  0|   3|           3|           1|
    |sel_tmp11_fu_1413_p2                        |   icmp   |      0|  0|   3|           3|           3|
    |sel_tmp13_fu_1424_p2                        |   icmp   |      0|  0|   3|           3|           2|
    |sel_tmp15_fu_1437_p2                        |   icmp   |      0|  0|   3|           3|           2|
    |sel_tmp17_fu_1450_p2                        |   icmp   |      0|  0|   3|           3|           1|
    |sel_tmp18_fu_1471_p2                        |   icmp   |      0|  0|   3|           3|           3|
    |sel_tmp1_fu_1355_p2                         |   icmp   |      0|  0|   3|           3|           3|
    |sel_tmp20_fu_1482_p2                        |   icmp   |      0|  0|   3|           3|           2|
    |sel_tmp22_fu_1495_p2                        |   icmp   |      0|  0|   3|           3|           2|
    |sel_tmp24_fu_1508_p2                        |   icmp   |      0|  0|   3|           3|           1|
    |sel_tmp25_fu_1529_p2                        |   icmp   |      0|  0|   3|           3|           3|
    |sel_tmp27_fu_1540_p2                        |   icmp   |      0|  0|   3|           3|           2|
    |sel_tmp29_fu_1553_p2                        |   icmp   |      0|  0|   3|           3|           2|
    |sel_tmp31_fu_1566_p2                        |   icmp   |      0|  0|   3|           3|           1|
    |sel_tmp32_fu_994_p2                         |   icmp   |      0|  0|   3|           3|           2|
    |sel_tmp33_fu_1007_p2                        |   icmp   |      0|  0|   3|           3|           2|
    |sel_tmp34_fu_1020_p2                        |   icmp   |      0|  0|   3|           3|           1|
    |sel_tmp35_fu_1033_p2                        |   icmp   |      0|  0|   3|           3|           1|
    |sel_tmp36_fu_1171_p2                        |   icmp   |      0|  0|   3|           3|           2|
    |sel_tmp37_fu_1184_p2                        |   icmp   |      0|  0|   3|           3|           2|
    |sel_tmp38_fu_1197_p2                        |   icmp   |      0|  0|   3|           3|           1|
    |sel_tmp39_fu_1210_p2                        |   icmp   |      0|  0|   3|           3|           1|
    |sel_tmp3_fu_1366_p2                         |   icmp   |      0|  0|   3|           3|           2|
    |sel_tmp4_fu_1673_p2                         |   icmp   |      0|  0|   3|           3|           2|
    |sel_tmp6_fu_1686_p2                         |   icmp   |      0|  0|   3|           3|           2|
    |sel_tmp7_fu_1379_p2                         |   icmp   |      0|  0|   3|           3|           2|
    |sel_tmp8_fu_1699_p2                         |   icmp   |      0|  0|   3|           3|           1|
    |sel_tmp_fu_1660_p2                          |   icmp   |      0|  0|   3|           3|           1|
    |tmp_54_fu_673_p2                            |   icmp   |      0|  0|  13|          11|          11|
    |tmp_56_fu_684_p2                            |   icmp   |      0|  0|  13|          11|           4|
    |tmp_57_fu_696_p2                            |   icmp   |      0|  0|  14|          12|           3|
    |tmp_58_fu_718_p2                            |   icmp   |      0|  0|  14|          12|          12|
    |tmp_60_fu_806_p2                            |   icmp   |      0|  0|  13|          11|          11|
    |tmp_67_fu_867_p2                            |   icmp   |      0|  0|  14|          12|          12|
    |tmp_69_fu_886_p2                            |   icmp   |      0|  0|  14|          12|          12|
    |brmerge_fu_796_p2                           |    or    |      0|  0|   1|           1|           1|
    |not_carry_fu_2504_p2                        |    or    |      0|  0|   1|           1|           1|
    |p_Result_1_i_i_not_fu_2498_p2               |    xor   |      0|  0|   2|           1|           2|
    |rev_fu_861_p2                               |    xor   |      0|  0|   2|           1|           2|
    +--------------------------------------------+----------+-------+---+----+------------+------------+
    |Total                                       |          |     23|  0|1017|         768|        1075|
    +--------------------------------------------+----------+-------+---+----+------------+------------+

    * Multiplexer: 
    +---------------------------------+----+-----------+-----+-----------+
    |               Name              | LUT| Input Size| Bits| Total Bits|
    +---------------------------------+----+-----------+-----+-----------+
    |ap_NS_fsm                        |   1|          5|    1|          5|
    |ap_reg_ppiten_pp0_it1            |   1|          2|    1|          2|
    |ap_reg_ppiten_pp0_it14           |   1|          2|    1|          2|
    |ap_reg_ppiten_pp0_it6            |   1|          2|    1|          2|
    |p_012_0_i_reg_456                |  11|          2|   11|         22|
    |p_025_0_i_reg_467                |  11|          2|   11|         22|
    |src_kernel_win_0_val_0_1_fu_152  |   8|          3|    8|         24|
    |src_kernel_win_0_val_1_1_fu_172  |   8|          3|    8|         24|
    |src_kernel_win_0_val_2_1_fu_192  |   8|          3|    8|         24|
    |src_kernel_win_0_val_3_1_fu_216  |   8|          3|    8|         24|
    |src_kernel_win_0_val_4_1_fu_212  |  16|         10|    8|         80|
    +---------------------------------+----+-----------+-----+-----------+
    |Total                            |  74|         37|   66|        231|
    +---------------------------------+----+-----------+-----+-----------+

    * Register: 
    +-----------------------------------------------------------+----+----+-----+-----------+
    |                            Name                           | FF | LUT| Bits| Const Bits|
    +-----------------------------------------------------------+----+----+-----+-----------+
    |ImagLoc_y_cast_cast_reg_2915                               |  12|   0|   13|          1|
    |ap_CS_fsm                                                  |   4|   0|    4|          0|
    |ap_reg_ppiten_pp0_it0                                      |   1|   0|    1|          0|
    |ap_reg_ppiten_pp0_it1                                      |   1|   0|    1|          0|
    |ap_reg_ppiten_pp0_it10                                     |   1|   0|    1|          0|
    |ap_reg_ppiten_pp0_it11                                     |   1|   0|    1|          0|
    |ap_reg_ppiten_pp0_it12                                     |   1|   0|    1|          0|
    |ap_reg_ppiten_pp0_it13                                     |   1|   0|    1|          0|
    |ap_reg_ppiten_pp0_it14                                     |   1|   0|    1|          0|
    |ap_reg_ppiten_pp0_it2                                      |   1|   0|    1|          0|
    |ap_reg_ppiten_pp0_it3                                      |   1|   0|    1|          0|
    |ap_reg_ppiten_pp0_it4                                      |   1|   0|    1|          0|
    |ap_reg_ppiten_pp0_it5                                      |   1|   0|    1|          0|
    |ap_reg_ppiten_pp0_it6                                      |   1|   0|    1|          0|
    |ap_reg_ppiten_pp0_it7                                      |   1|   0|    1|          0|
    |ap_reg_ppiten_pp0_it8                                      |   1|   0|    1|          0|
    |ap_reg_ppiten_pp0_it9                                      |   1|   0|    1|          0|
    |ap_reg_ppstg_col_assign_2_reg_3049_pp0_it4                 |   3|   0|    3|          0|
    |ap_reg_ppstg_locy_4_t_reg_3045_pp0_it4                     |   3|   0|    3|          0|
    |ap_reg_ppstg_src_kernel_win_0_val_0_1_6_reg_3125_pp0_it6   |   8|   0|    8|          0|
    |ap_reg_ppstg_src_kernel_win_0_val_0_2_lo_reg_3209_pp0_it8  |   8|   0|    8|          0|
    |ap_reg_ppstg_src_kernel_win_0_val_1_1_6_reg_3131_pp0_it6   |   8|   0|    8|          0|
    |ap_reg_ppstg_src_kernel_win_0_val_2_1_lo_reg_3174_pp0_it7  |   8|   0|    8|          0|
    |ap_reg_ppstg_src_kernel_win_0_val_3_3_lo_reg_3219_pp0_it8  |   8|   0|    8|          0|
    |ap_reg_ppstg_src_kernel_win_0_val_4_1_lo_reg_3179_pp0_it7  |   8|   0|    8|          0|
    |ap_reg_ppstg_src_kernel_win_0_val_4_2_lo_reg_3154_pp0_it6  |   8|   0|    8|          0|
    |brmerge_reg_2951                                           |   1|   0|    1|          0|
    |col_assign_2_reg_3049                                      |   3|   0|    3|          0|
    |col_assign_reg_2984                                        |   3|   0|    3|          0|
    |col_buf_0_val_0_0_10_fu_248                                |   8|   0|    8|          0|
    |col_buf_0_val_0_0_5_fu_168                                 |   8|   0|    8|          0|
    |col_buf_0_val_0_0_7_fu_188                                 |   8|   0|    8|          0|
    |col_buf_0_val_0_0_8_fu_208                                 |   8|   0|    8|          0|
    |col_buf_0_val_0_0_9_fu_232                                 |   8|   0|    8|          0|
    |col_buf_0_val_0_0_fu_352                                   |   8|   0|    8|          0|
    |heightloop_reg_2855                                        |  11|   0|   11|          0|
    |i_V_reg_2895                                               |  11|   0|   11|          0|
    |k_buf_0_val_0_addr_reg_3015                                |  11|   0|   11|          0|
    |k_buf_0_val_1_addr_reg_3021                                |  11|   0|   11|          0|
    |k_buf_0_val_2_addr_reg_3027                                |  11|   0|   11|          0|
    |k_buf_0_val_3_addr_reg_3033                                |  11|   0|   11|          0|
    |k_buf_0_val_4_addr_reg_3039                                |  11|   0|   11|          0|
    |locy_4_t_reg_3045                                          |   3|   0|    3|          0|
    |or_cond221_i_reg_2964                                      |   1|   0|    1|          0|
    |or_cond7_reg_2972                                          |   1|   0|    1|          0|
    |p_012_0_i_reg_456                                          |  11|   0|   11|          0|
    |p_025_0_i_reg_467                                          |  11|   0|   11|          0|
    |p_Val2_11_0_1_reg_3159                                     |  17|   0|   17|          0|
    |p_Val2_11_1_4_reg_3279                                     |  18|   0|   18|          0|
    |p_Val2_11_1_reg_3229                                       |  17|   0|   17|          0|
    |p_Val2_11_2_2_reg_3304                                     |  20|   0|   20|          0|
    |p_Val2_11_3_1_reg_3194                                     |  19|   0|   19|          0|
    |p_Val2_11_3_2_reg_3199                                     |  17|   0|   20|          3|
    |p_Val2_11_4_1_reg_3234                                     |  18|   0|   18|          0|
    |p_Val2_14_0_1_cast_reg_3189                                |  17|   0|   18|          1|
    |p_Val2_14_0_2_cast_reg_3224                                |  18|   0|   19|          1|
    |p_Val2_14_1_2_cast_reg_3294                                |  20|   0|   21|          1|
    |p_Val2_s_70_reg_3334                                       |   8|   0|    8|          0|
    |p_neg228_i_reg_2870                                        |  12|   0|   12|          0|
    |ref_cast_reg_2886                                          |  11|   0|   12|          1|
    |ref_reg_2881                                               |  11|   0|   11|          0|
    |right_border_buf_0_val_0_0_fu_332                          |   8|   0|    8|          0|
    |right_border_buf_0_val_0_1_fu_336                          |   8|   0|    8|          0|
    |right_border_buf_0_val_0_2_fu_340                          |   8|   0|    8|          0|
    |right_border_buf_0_val_0_3_fu_344                          |   8|   0|    8|          0|
    |right_border_buf_0_val_0_4_fu_348                          |   8|   0|    8|          0|
    |right_border_buf_0_val_1_0_reg_3082                        |   8|   0|    8|          0|
    |right_border_buf_0_val_1_4_13_fu_260                       |   8|   0|    8|          0|
    |right_border_buf_0_val_1_4_14_fu_264                       |   8|   0|    8|          0|
    |right_border_buf_0_val_1_4_15_fu_268                       |   8|   0|    8|          0|
    |right_border_buf_0_val_1_4_3_fu_252                        |   8|   0|    8|          0|
    |right_border_buf_0_val_1_4_4_fu_256                        |   8|   0|    8|          0|
    |right_border_buf_0_val_2_0_reg_3072                        |   8|   0|    8|          0|
    |right_border_buf_0_val_2_4_3_fu_272                        |   8|   0|    8|          0|
    |right_border_buf_0_val_2_4_4_fu_276                        |   8|   0|    8|          0|
    |right_border_buf_0_val_2_4_6_fu_280                        |   8|   0|    8|          0|
    |right_border_buf_0_val_2_4_7_fu_284                        |   8|   0|    8|          0|
    |right_border_buf_0_val_2_4_8_fu_288                        |   8|   0|    8|          0|
    |right_border_buf_0_val_3_0_reg_3062                        |   8|   0|    8|          0|
    |right_border_buf_0_val_3_4_13_fu_300                       |   8|   0|    8|          0|
    |right_border_buf_0_val_3_4_14_fu_304                       |   8|   0|    8|          0|
    |right_border_buf_0_val_3_4_15_fu_308                       |   8|   0|    8|          0|
    |right_border_buf_0_val_3_4_3_fu_292                        |   8|   0|    8|          0|
    |right_border_buf_0_val_3_4_4_fu_296                        |   8|   0|    8|          0|
    |right_border_buf_0_val_4_0_reg_3057                        |   8|   0|    8|          0|
    |src_kernel_win_0_val_0_1_6_reg_3125                        |   8|   0|    8|          0|
    |src_kernel_win_0_val_0_1_fu_152                            |   8|   0|    8|          0|
    |src_kernel_win_0_val_0_1_lo_reg_3169                       |   8|   0|    8|          0|
    |src_kernel_win_0_val_0_2_fu_156                            |   8|   0|    8|          0|
    |src_kernel_win_0_val_0_2_lo_reg_3209                       |   8|   0|    8|          0|
    |src_kernel_win_0_val_0_3_fu_160                            |   8|   0|    8|          0|
    |src_kernel_win_0_val_0_4_fu_164                            |   8|   0|    8|          0|
    |src_kernel_win_0_val_1_1_6_reg_3131                        |   8|   0|    8|          0|
    |src_kernel_win_0_val_1_1_fu_172                            |   8|   0|    8|          0|
    |src_kernel_win_0_val_1_2_fu_176                            |   8|   0|    8|          0|
    |src_kernel_win_0_val_1_3_fu_180                            |   8|   0|    8|          0|
    |src_kernel_win_0_val_1_4_fu_184                            |   8|   0|    8|          0|
    |src_kernel_win_0_val_2_1_6_reg_3137                        |   8|   0|    8|          0|
    |src_kernel_win_0_val_2_1_fu_192                            |   8|   0|    8|          0|
    |src_kernel_win_0_val_2_1_lo_reg_3174                       |   8|   0|    8|          0|
    |src_kernel_win_0_val_2_2_fu_196                            |   8|   0|    8|          0|
    |src_kernel_win_0_val_2_3_fu_200                            |   8|   0|    8|          0|
    |src_kernel_win_0_val_2_3_lo_reg_3289                       |   8|   0|    8|          0|
    |src_kernel_win_0_val_2_4_fu_204                            |   8|   0|    8|          0|
    |src_kernel_win_0_val_3_1_6_reg_3148                        |   8|   0|    8|          0|
    |src_kernel_win_0_val_3_1_fu_216                            |   8|   0|    8|          0|
    |src_kernel_win_0_val_3_1_lo_reg_3184                       |   8|   0|    8|          0|
    |src_kernel_win_0_val_3_2_fu_220                            |   8|   0|    8|          0|
    |src_kernel_win_0_val_3_2_lo_reg_3214                       |   8|   0|    8|          0|
    |src_kernel_win_0_val_3_3_fu_224                            |   8|   0|    8|          0|
    |src_kernel_win_0_val_3_3_lo_reg_3219                       |   8|   0|    8|          0|
    |src_kernel_win_0_val_3_4_fu_228                            |   8|   0|    8|          0|
    |src_kernel_win_0_val_4_0_reg_3092                          |   8|   0|    8|          0|
    |src_kernel_win_0_val_4_1_13_reg_3143                       |   8|   0|    8|          0|
    |src_kernel_win_0_val_4_1_fu_212                            |   8|   0|    8|          0|
    |src_kernel_win_0_val_4_1_lo_reg_3179                       |   8|   0|    8|          0|
    |src_kernel_win_0_val_4_2_fu_236                            |   8|   0|    8|          0|
    |src_kernel_win_0_val_4_2_lo_reg_3154                       |   8|   0|    8|          0|
    |src_kernel_win_0_val_4_3_fu_240                            |   8|   0|    8|          0|
    |src_kernel_win_0_val_4_4_1_reg_3164                        |   8|   0|    8|          0|
    |src_kernel_win_0_val_4_4_fu_244                            |   8|   0|    8|          0|
    |tmp19_reg_3329                                             |  22|   0|   22|          0|
    |tmp1_reg_3254                                              |  19|   0|   19|          0|
    |tmp20_cast_reg_3324                                        |  20|   0|   22|          2|
    |tmp21_reg_3264                                             |  20|   0|   20|          0|
    |tmp22_reg_3239                                             |  20|   0|   20|          0|
    |tmp23_cast_reg_3244                                        |  19|   0|   20|          1|
    |tmp24_reg_3309                                             |  19|   0|   19|          0|
    |tmp25_reg_3284                                             |  19|   0|   19|          0|
    |tmp26_cast_reg_3269                                        |  18|   0|   19|          1|
    |tmp27_cast_reg_3249                                        |  18|   0|   19|          1|
    |tmp28_reg_3204                                             |  18|   0|   18|          0|
    |tmp2_cast_reg_3259                                         |  17|   0|   19|          2|
    |tmp3_reg_3274                                              |  20|   0|   20|          0|
    |tmp4_reg_3314                                              |  21|   0|   21|          0|
    |tmp5_cast_reg_3319                                         |  19|   0|   21|          2|
    |tmp6_cast_reg_3299                                         |  18|   0|   19|          1|
    |tmp_123_cast_reg_2865                                      |  11|   0|   12|          1|
    |tmp_56_reg_2900                                            |   1|   0|    1|          0|
    |tmp_60_reg_2955                                            |   1|   0|    1|          0|
    |tmp_61_reg_2875                                            |   3|   0|    3|          0|
    |tmp_65_reg_2905                                            |   1|   0|    1|          0|
    |tmp_66_reg_2909                                            |   3|   0|    3|          0|
    |tmp_67_reg_2968                                            |   1|   0|    1|          0|
    |tmp_68_reg_2925                                            |   3|   0|    3|          0|
    |tmp_69_reg_2980                                            |   1|   0|    1|          0|
    |tmp_73_reg_3005                                            |   3|   0|    3|          0|
    |tmp_75_reg_2976                                            |   1|   0|    1|          0|
    |tmp_76_reg_3101                                            |   3|   0|    3|          0|
    |tmp_77_reg_3107                                            |   3|   0|    3|          0|
    |tmp_78_reg_3113                                            |   3|   0|    3|          0|
    |tmp_79_reg_3119                                            |   3|   0|    3|          0|
    |tmp_80_reg_3010                                            |   3|   0|    3|          0|
    |tmp_81_reg_2992                                            |   3|   0|    3|          0|
    |widthloop_reg_2860                                         |  11|   0|   11|          0|
    |x_reg_3000                                                 |  15|   0|   15|          0|
    |y_3_1_cast_cast_reg_2936                                   |  13|   0|   13|          0|
    |y_3_2_cast_cast_reg_2941                                   |  13|   0|   13|          0|
    |y_3_3_cast_cast_reg_2946                                   |  13|   0|   13|          0|
    |y_3_cast_cast_reg_2920                                     |  13|   0|   13|          0|
    |col_assign_reg_2984                                        |   0|   3|    3|          0|
    |or_cond221_i_reg_2964                                      |   0|   1|    1|          0|
    |or_cond7_reg_2972                                          |   0|   1|    1|          0|
    |src_kernel_win_0_val_2_1_6_reg_3137                        |   0|   8|    8|          0|
    |src_kernel_win_0_val_3_1_6_reg_3148                        |   0|   8|    8|          0|
    |src_kernel_win_0_val_3_1_lo_reg_3184                       |   0|   8|    8|          0|
    |src_kernel_win_0_val_3_2_lo_reg_3214                       |   0|   8|    8|          0|
    |src_kernel_win_0_val_4_1_13_reg_3143                       |   0|   8|    8|          0|
    |tmp21_reg_3264                                             |   0|  20|   20|          0|
    |tmp24_reg_3309                                             |   0|  19|   19|          0|
    |tmp27_cast_reg_3249                                        |   0|  18|   19|          1|
    |tmp_60_reg_2955                                            |   0|   1|    1|          0|
    |tmp_67_reg_2968                                            |   0|   1|    1|          0|
    |tmp_69_reg_2980                                            |   0|   1|    1|          0|
    |tmp_75_reg_2976                                            |   0|   1|    1|          0|
    |tmp_81_reg_2992                                            |   0|   3|    3|          0|
    +-----------------------------------------------------------+----+----+-----+-----------+
    |Total                                                      |1387| 109| 1516|         20|
    +-----------------------------------------------------------+----+----+-----+-----------+



================================================================
== Interface
================================================================
* Summary: 
+-----------------------------+-----+-----+------------+----------------------+--------------+
|          RTL Ports          | Dir | Bits|  Protocol  |     Source Object    |    C Type    |
+-----------------------------+-----+-----+------------+----------------------+--------------+
|ap_clk                       |  in |    1| ap_ctrl_hs | toThreshold_Filter2D | return value |
|ap_rst                       |  in |    1| ap_ctrl_hs | toThreshold_Filter2D | return value |
|ap_start                     |  in |    1| ap_ctrl_hs | toThreshold_Filter2D | return value |
|ap_done                      | out |    1| ap_ctrl_hs | toThreshold_Filter2D | return value |
|ap_idle                      | out |    1| ap_ctrl_hs | toThreshold_Filter2D | return value |
|ap_ready                     | out |    1| ap_ctrl_hs | toThreshold_Filter2D | return value |
|p_src_rows_V_read            |  in |   12|   ap_none  |   p_src_rows_V_read  |    scalar    |
|p_src_cols_V_read            |  in |   12|   ap_none  |   p_src_cols_V_read  |    scalar    |
|p_src_data_stream_V_dout     |  in |    8|   ap_fifo  |  p_src_data_stream_V |    pointer   |
|p_src_data_stream_V_empty_n  |  in |    1|   ap_fifo  |  p_src_data_stream_V |    pointer   |
|p_src_data_stream_V_read     | out |    1|   ap_fifo  |  p_src_data_stream_V |    pointer   |
|p_dst_data_stream_V_din      | out |    8|   ap_fifo  |  p_dst_data_stream_V |    pointer   |
|p_dst_data_stream_V_full_n   |  in |    1|   ap_fifo  |  p_dst_data_stream_V |    pointer   |
|p_dst_data_stream_V_write    | out |    1|   ap_fifo  |  p_dst_data_stream_V |    pointer   |
+-----------------------------+-----+-----+------------+----------------------+--------------+

