

================================================================
== Vivado HLS Report for 'toThreshold_borderInterpolate'
================================================================
* Date:           Fri Jun 26 18:10:52 2015

* Version:        2014.4 (Build 1071461 on Tue Nov 18 16:42:57 PM 2014)
* Project:        threshold_IP
* Solution:       solution1
* Product family: zynq
* Target device:  xc7z020clg484-1


================================================================
== Performance Estimates
================================================================
+ Timing (ns): 
    * Summary: 
    +---------+-------+----------+------------+
    |  Clock  | Target| Estimated| Uncertainty|
    +---------+-------+----------+------------+
    |default  |  10.00|      8.25|        1.25|
    +---------+-------+----------+------------+

+ Latency (clock cycles): 
    * Summary: 
    +-----+-----+-----+-----+----------+
    |  Latency  |  Interval | Pipeline |
    | min | max | min | max |   Type   |
    +-----+-----+-----+-----+----------+
    |    2|    2|    1|    1| function |
    +-----+-----+-----+-----+----------+

    + Detail: 
        * Instance: 
        N/A

        * Loop: 
        N/A



================================================================
== Utilization Estimates
================================================================
* Summary: 
+-----------------+---------+-------+--------+-------+
|       Name      | BRAM_18K| DSP48E|   FF   |  LUT  |
+-----------------+---------+-------+--------+-------+
|Expression       |        -|      -|       0|    377|
|FIFO             |        -|      -|       -|      -|
|Instance         |        -|      -|       -|      -|
|Memory           |        -|      -|       -|      -|
|Multiplexer      |        -|      -|       -|      -|
|Register         |        -|      -|     130|      -|
+-----------------+---------+-------+--------+-------+
|Total            |        0|      0|     130|    377|
+-----------------+---------+-------+--------+-------+
|Available        |      280|    220|  106400|  53200|
+-----------------+---------+-------+--------+-------+
|Utilization (%)  |        0|      0|   ~0   |   ~0  |
+-----------------+---------+-------+--------+-------+

+ Detail: 
    * Instance: 
    N/A

    * Memory: 
    N/A

    * FIFO: 
    N/A

    * Expression: 
    +------------------------------+----------+-------+---+----+------------+------------+
    |         Variable Name        | Operation| DSP48E| FF| LUT| Bitwidth P0| Bitwidth P1|
    +------------------------------+----------+-------+---+----+------------+------------+
    |p_assign_2_fu_201_p2          |     +    |      0|  0|  15|          15|          15|
    |tmp_17_fu_227_p2              |     +    |      0|  0|  14|          14|           3|
    |tmp_4_fu_139_p2               |     +    |      0|  0|  13|          13|           2|
    |p_assign_3_fu_207_p2          |     -    |      0|  0|  13|           1|          13|
    |p_assign_4_fu_233_p2          |     -    |      0|  0|  14|          14|          14|
    |ap_return                     |  Select  |      0|  0|  15|           1|          15|
    |p_assign_fu_144_p3            |  Select  |      0|  0|  13|           1|           1|
    |p_p2_fu_212_p3                |  Select  |      0|  0|  13|           1|          13|
    |p_p3_fu_170_p3                |  Select  |      0|  0|  13|           1|           2|
    |p_p_fu_160_p3                 |  Select  |      0|  0|  13|           1|          13|
    |sel_tmp11_fu_294_p3           |  Select  |      0|  0|  15|           1|          15|
    |sel_tmp19_fu_365_p3           |  Select  |      0|  0|  15|           1|          15|
    |sel_tmp20_fu_371_p3           |  Select  |      0|  0|  15|           1|          15|
    |sel_tmp26_fu_378_p3           |  Select  |      0|  0|  15|           1|           1|
    |sel_tmp2_fu_243_p3            |  Select  |      0|  0|  14|           1|          14|
    |sel_tmp34_fu_385_p3           |  Select  |      0|  0|  15|           1|          15|
    |sel_tmp42_fu_392_p3           |  Select  |      0|  0|  15|           1|           1|
    |or_cond_fu_83_p2              |    and   |      0|  0|   1|           1|           1|
    |sel_tmp10_fu_288_p2           |    and   |      0|  0|   1|           1|           1|
    |sel_tmp1_fu_239_p2            |    and   |      0|  0|   1|           1|           1|
    |sel_tmp25_fu_312_p2           |    and   |      0|  0|   1|           1|           1|
    |sel_tmp33_fu_318_p2           |    and   |      0|  0|   1|           1|           1|
    |sel_tmp40_fu_330_p2           |    and   |      0|  0|   1|           1|           1|
    |sel_tmp41_fu_335_p2           |    and   |      0|  0|   1|           1|           1|
    |sel_tmp51_fu_347_p2           |    and   |      0|  0|   1|           1|           1|
    |sel_tmp6_fu_265_p2            |    and   |      0|  0|   1|           1|           1|
    |sel_tmp8_fu_276_p2            |    and   |      0|  0|   1|           1|           1|
    |tmp53_fu_341_p2               |    and   |      0|  0|   1|           1|           1|
    |tmp_11_fu_121_p2              |   icmp   |      0|  0|   4|           4|           1|
    |tmp_15_fu_222_p2              |   icmp   |      0|  0|  16|          13|          13|
    |tmp_1_fu_77_p2                |   icmp   |      0|  0|  16|          13|          13|
    |tmp_2_fu_89_p2                |   icmp   |      0|  0|   4|           4|           1|
    |tmp_5_fu_103_p2               |   icmp   |      0|  0|   4|           4|           2|
    |tmp_6_fu_155_p2               |   icmp   |      0|  0|  14|          12|           1|
    |tmp_7_fu_109_p2               |   icmp   |      0|  0|   4|           4|           3|
    |tmp_9_fu_165_p2               |   icmp   |      0|  0|  16|          13|          13|
    |sel_tmp16_demorgan_fu_302_p2  |    or    |      0|  0|   1|           1|           1|
    |sel_tmp18_demorgan_fu_307_p2  |    or    |      0|  0|   1|           1|           1|
    |sel_tmp5_demorgan_fu_255_p2   |    or    |      0|  0|   1|           1|           1|
    |sel_tmp_fu_133_p2             |    or    |      0|  0|   1|           1|           1|
    |p_assign_1_fu_115_p2          |    xor   |      0|  0|  16|          13|           2|
    |rev_fu_67_p2                  |    xor   |      0|  0|   2|           1|           2|
    |sel_tmp39_fu_324_p2           |    xor   |      0|  0|   2|           1|           2|
    |sel_tmp5_fu_259_p2            |    xor   |      0|  0|   2|           1|           2|
    |sel_tmp7_fu_270_p2            |    xor   |      0|  0|   2|           1|           2|
    |sel_tmp9_fu_282_p2            |    xor   |      0|  0|   2|           1|           2|
    |tmp_13_fu_191_p2              |    xor   |      0|  0|  16|          13|           2|
    |tmp_1_not_fu_127_p2           |    xor   |      0|  0|   2|           1|           2|
    +------------------------------+----------+-------+---+----+------------+------------+
    |Total                         |          |      0|  0| 377|         183|         245|
    +------------------------------+----------+-------+---+----+------------+------------+

    * Multiplexer: 
    N/A

    * Register: 
    +--------------------------------------+----+----+-----+-----------+
    |                 Name                 | FF | LUT| Bits| Const Bits|
    +--------------------------------------+----+----+-----+-----------+
    |ap_reg_ppstg_or_cond_reg_428_pp0_it1  |   1|   0|    1|          0|
    |ap_reg_ppstg_p_read_reg_412_pp0_it1   |  13|   0|   13|          0|
    |len_cast1_cast_reg_421                |  12|   0|   13|          1|
    |len_read_reg_406                      |  12|   0|   12|          0|
    |or_cond_reg_428                       |   1|   0|    1|          0|
    |p_assign_1_reg_459                    |  13|   0|   13|          0|
    |p_p2_reg_484                          |  13|   0|   13|          0|
    |p_p3_reg_479                          |  13|   0|   13|          0|
    |p_p_reg_474                           |  13|   0|   13|          0|
    |p_read_reg_412                        |  13|   0|   13|          0|
    |sel_tmp11_reg_489                     |  15|   0|   15|          0|
    |sel_tmp18_demorgan_reg_494            |   1|   0|    1|          0|
    |sel_tmp25_reg_499                     |   1|   0|    1|          0|
    |sel_tmp33_reg_504                     |   1|   0|    1|          0|
    |sel_tmp41_reg_509                     |   1|   0|    1|          0|
    |sel_tmp51_reg_514                     |   1|   0|    1|          0|
    |sel_tmp_reg_469                       |   1|   0|    1|          0|
    |tmp_11_reg_464                        |   1|   0|    1|          0|
    |tmp_151_reg_440                       |   1|   0|    1|          0|
    |tmp_2_reg_434                         |   1|   0|    1|          0|
    |tmp_5_reg_447                         |   1|   0|    1|          0|
    |tmp_7_reg_453                         |   1|   0|    1|          0|
    +--------------------------------------+----+----+-----+-----------+
    |Total                                 | 130|   0|  131|          1|
    +--------------------------------------+----+----+-----+-----------+



================================================================
== Interface
================================================================
* Summary: 
+------------+-----+-----+------------+-------------------------------+--------------+
|  RTL Ports | Dir | Bits|  Protocol  |         Source Object         |    C Type    |
+------------+-----+-----+------------+-------------------------------+--------------+
|ap_clk      |  in |    1| ap_ctrl_hs | toThreshold_borderInterpolate | return value |
|ap_rst      |  in |    1| ap_ctrl_hs | toThreshold_borderInterpolate | return value |
|ap_return   | out |   15| ap_ctrl_hs | toThreshold_borderInterpolate | return value |
|ap_ce       |  in |    1| ap_ctrl_hs | toThreshold_borderInterpolate | return value |
|p           |  in |   13|   ap_none  |               p               |    scalar    |
|len         |  in |   12|   ap_none  |              len              |    scalar    |
|borderType  |  in |    4|   ap_none  |           borderType          |    scalar    |
+------------+-----+-----+------------+-------------------------------+--------------+

