Copyright 1986-2014 Xilinx, Inc. All Rights Reserved.
-----------------------------------------------------------------------------------------
| Tool Version      : Vivado v.2014.4 (win64) Build 1071353 Tue Nov 18 18:29:27 MST 2014
| Date              : Fri Jun 26 18:24:54 2015
| Host              : ESIT044 running 64-bit Service Pack 1  (build 7601)
| Command           : report_timing_summary -file ./report/toThreshold_timing_routed.rpt
| Design            : toThreshold
| Device            : 7z020-clg484
| Speed File        : -1  PRODUCTION 1.11 2014-09-11
| Temperature Grade : C
-----------------------------------------------------------------------------------------

Timing Summary Report

------------------------------------------------------------------------------------------------
| Timer Settings
| --------------
------------------------------------------------------------------------------------------------

  Enable Multi Corner Analysis               :  Yes
  Enable Pessimism Removal                   :  Yes
  Pessimism Removal Resolution               :  Nearest Common Node
  Enable Input Delay Default Clock           :  No
  Enable Preset / Clear Arcs                 :  No
  Disable Flight Delays                      :  No

  Corner  Analyze    Analyze    
  Name    Max Paths  Min Paths  
  ------  ---------  ---------  
  Slow    Yes        Yes        
  Fast    Yes        Yes        



check_timing report

Table of Contents
-----------------
1. checking no_clock
2. checking constant_clock
3. checking pulse_width_clock
4. checking unconstrained_internal_endpoints
5. checking no_input_delay
6. checking no_output_delay
7. checking multiple_clock
8. checking generated_clocks
9. checking loops
10. checking partial_input_delay
11. checking partial_output_delay
12. checking unexpandable_clocks
13. checking latch_loops

1. checking no_clock
--------------------
 There are 0 register/latch pins with no clock.


2. checking constant_clock
--------------------------
 There are 0 register/latch pins with constant_clock.


3. checking pulse_width_clock
-----------------------------
 There are 0 register/latch pins which need pulse_width check


4. checking unconstrained_internal_endpoints
--------------------------------------------
 There are 0 pins that are not constrained for maximum delay.

 There are 0 pins that are not constrained for maximum delay due to constant clock.


5. checking no_input_delay
--------------------------
 There are 30 input ports with no input delay specified. (HIGH)

 There are 24 input ports with no input delay but user has a false path constraint. (MEDIUM)


6. checking no_output_delay
---------------------------
 There are 15 ports with no output delay specified. (HIGH)

 There are 0 ports with no output delay but user has a false path constraint

 There are 0 ports with no output delay but with a timing clock defined on it or propagating through it


7. checking multiple_clock
--------------------------
 There are 0 register/latch pins with multiple clocks.


8. checking generated_clocks
----------------------------
 There are 0 generated clocks that are not connected to a clock source.


9. checking loops
-----------------
 There are 0 combinational loops in the design.


10. checking partial_input_delay
--------------------------------
 There are 0 input ports with partial input delay specified.


11. checking partial_output_delay
---------------------------------
 There are 0 ports with partial output delay specified.


12. checking unexpandable_clocks
--------------------------------
 There are 0 unexpandable clock pairs.


13. checking latch_loops
------------------------
 There are 0 combinational latch loops in the design through latch input



------------------------------------------------------------------------------------------------
| Design Timing Summary
| ---------------------
------------------------------------------------------------------------------------------------

    WNS(ns)      TNS(ns)  TNS Failing Endpoints  TNS Total Endpoints      WHS(ns)      THS(ns)  THS Failing Endpoints  THS Total Endpoints     WPWS(ns)     TPWS(ns)  TPWS Failing Endpoints  TPWS Total Endpoints  
    -------      -------  ---------------------  -------------------      -------      -------  ---------------------  -------------------     --------     --------  ----------------------  --------------------  
      0.369        0.000                      0                25621        0.032        0.000                      0                25621        3.995        0.000                       0                 12177  


All user specified timing constraints are met.


------------------------------------------------------------------------------------------------
| Clock Summary
| -------------
------------------------------------------------------------------------------------------------

Clock   Waveform(ns)       Period(ns)      Frequency(MHz)
-----   ------------       ----------      --------------
ap_clk  {0.000 5.000}      10.000          100.000         


------------------------------------------------------------------------------------------------
| Intra Clock Table
| -----------------
------------------------------------------------------------------------------------------------

Clock             WNS(ns)      TNS(ns)  TNS Failing Endpoints  TNS Total Endpoints      WHS(ns)      THS(ns)  THS Failing Endpoints  THS Total Endpoints     WPWS(ns)     TPWS(ns)  TPWS Failing Endpoints  TPWS Total Endpoints  
-----             -------      -------  ---------------------  -------------------      -------      -------  ---------------------  -------------------     --------     --------  ----------------------  --------------------  
ap_clk              0.369        0.000                      0                25621        0.032        0.000                      0                25621        3.995        0.000                       0                 12177  


------------------------------------------------------------------------------------------------
| Inter Clock Table
| -----------------
------------------------------------------------------------------------------------------------

From Clock    To Clock          WNS(ns)      TNS(ns)  TNS Failing Endpoints  TNS Total Endpoints      WHS(ns)      THS(ns)  THS Failing Endpoints  THS Total Endpoints  
----------    --------          -------      -------  ---------------------  -------------------      -------      -------  ---------------------  -------------------  


------------------------------------------------------------------------------------------------
| Other Path Groups Table
| -----------------------
------------------------------------------------------------------------------------------------

Path Group    From Clock    To Clock          WNS(ns)      TNS(ns)  TNS Failing Endpoints  TNS Total Endpoints      WHS(ns)      THS(ns)  THS Failing Endpoints  THS Total Endpoints  
----------    ----------    --------          -------      -------  ---------------------  -------------------      -------      -------  ---------------------  -------------------  


------------------------------------------------------------------------------------------------
| Timing Details
| --------------
------------------------------------------------------------------------------------------------


---------------------------------------------------------------------------------------------------
From Clock:  ap_clk
  To Clock:  ap_clk

Setup :            0  Failing Endpoints,  Worst Slack        0.369ns,  Total Violation        0.000ns
Hold  :            0  Failing Endpoints,  Worst Slack        0.032ns,  Total Violation        0.000ns
PW    :            0  Failing Endpoints,  Worst Slack        3.995ns,  Total Violation        0.000ns
---------------------------------------------------------------------------------------------------


Max Delay Paths
--------------------------------------------------------------------------------------
Slack (MET) :             0.369ns  (required time - arrival time)
  Source:                 toThreshold_Loop_GradientLoop_proc_U0/toThreshold_dsub_64ns_64ns_64_5_full_dsp_U85/toThreshold_ap_dsub_3_full_dsp_64_u/U0/i_synth/ADDSUB_OP.ADDSUB/SPEED_OP.LOGIC.OP/EXP/NUMB_CMP/FAST_CMP.CMP_EQ_TOP/WIDE_AND/CHAIN_GEN[10].CARRYS_DEL.NEED_DEL.CARRYS_FD/C
                            (rising edge-triggered cell FDRE clocked by ap_clk  {rise@0.000ns fall@5.000ns period=10.000ns})
  Destination:            toThreshold_Loop_GradientLoop_proc_U0/toThreshold_dsub_64ns_64ns_64_5_full_dsp_U85/toThreshold_ap_dsub_3_full_dsp_64_u/U0/i_synth/ADDSUB_OP.ADDSUB/SPEED_OP.LOGIC.OP/ALIGN_BLK/FRAC_ADDSUB/DSP_ADD.FRAC_ADDSUB/DSP48E1_ADD.DSP48E1_ADD/DSP/CARRYIN
                            (rising edge-triggered cell DSP48E1 clocked by ap_clk  {rise@0.000ns fall@5.000ns period=10.000ns})
  Path Group:             ap_clk
  Path Type:              Setup (Max at Slow Process Corner)
  Requirement:            10.000ns  (ap_clk rise@10.000ns - ap_clk rise@0.000ns)
  Data Path Delay:        8.378ns  (logic 2.949ns (35.198%)  route 5.429ns (64.802%))
  Logic Levels:           11  (CARRY4=2 LUT2=2 LUT3=3 LUT6=2 MUXF7=1 MUXF8=1)
  Clock Path Skew:        0.081ns (DCD - SCD + CPR)
    Destination Clock Delay (DCD):    1.705ns = ( 11.705 - 10.000 ) 
    Source Clock Delay      (SCD):    1.739ns
    Clock Pessimism Removal (CPR):    0.115ns
  Clock Uncertainty:      0.035ns  ((TSJ^2 + TIJ^2)^1/2 + DJ) / 2 + PE
    Total System Jitter     (TSJ):    0.071ns
    Total Input Jitter      (TIJ):    0.000ns
    Discrete Jitter          (DJ):    0.000ns
    Phase Error              (PE):    0.000ns

    Location             Delay type                Incr(ns)  Path(ns)    Netlist Resource(s)
  -------------------------------------------------------------------    -------------------
                         (clock ap_clk rise edge)     0.000     0.000 r  
                                                      0.000     0.000 r  ap_clk
                         net (fo=12189, unset)        1.739     1.739    toThreshold_Loop_GradientLoop_proc_U0/toThreshold_dsub_64ns_64ns_64_5_full_dsp_U85/toThreshold_ap_dsub_3_full_dsp_64_u/U0/i_synth/ADDSUB_OP.ADDSUB/SPEED_OP.LOGIC.OP/EXP/NUMB_CMP/FAST_CMP.CMP_EQ_TOP/WIDE_AND/aclk
    SLICE_X83Y43                                                      r  toThreshold_Loop_GradientLoop_proc_U0/toThreshold_dsub_64ns_64ns_64_5_full_dsp_U85/toThreshold_ap_dsub_3_full_dsp_64_u/U0/i_synth/ADDSUB_OP.ADDSUB/SPEED_OP.LOGIC.OP/EXP/NUMB_CMP/FAST_CMP.CMP_EQ_TOP/WIDE_AND/CHAIN_GEN[10].CARRYS_DEL.NEED_DEL.CARRYS_FD/C
  -------------------------------------------------------------------    -------------------
    SLICE_X83Y43         FDRE (Prop_fdre_C_Q)         0.456     2.195 r  toThreshold_Loop_GradientLoop_proc_U0/toThreshold_dsub_64ns_64ns_64_5_full_dsp_U85/toThreshold_ap_dsub_3_full_dsp_64_u/U0/i_synth/ADDSUB_OP.ADDSUB/SPEED_OP.LOGIC.OP/EXP/NUMB_CMP/FAST_CMP.CMP_EQ_TOP/WIDE_AND/CHAIN_GEN[10].CARRYS_DEL.NEED_DEL.CARRYS_FD/Q
                         net (fo=6, routed)           0.953     3.148    toThreshold_Loop_GradientLoop_proc_U0/toThreshold_dsub_64ns_64ns_64_5_full_dsp_U85/toThreshold_ap_dsub_3_full_dsp_64_u/U0/i_synth/ADDSUB_OP.ADDSUB/SPEED_OP.LOGIC.OP/EXP/NUMB_CMP/FAST_CMP.CMP_EQ_TOP/WIDE_AND/CARRY_OUT
    SLICE_X83Y36         LUT3 (Prop_lut3_I0_O)        0.124     3.272 r  toThreshold_Loop_GradientLoop_proc_U0/toThreshold_dsub_64ns_64ns_64_5_full_dsp_U85/toThreshold_ap_dsub_3_full_dsp_64_u/U0/i_synth/ADDSUB_OP.ADDSUB/SPEED_OP.LOGIC.OP/EXP/NUMB_CMP/FAST_CMP.CMP_EQ_TOP/WIDE_AND/CHAIN_GEN[0].C_MUX.CARRY_MUX_i_2__4/O
                         net (fo=109, routed)         0.651     3.923    toThreshold_Loop_GradientLoop_proc_U0/toThreshold_dsub_64ns_64ns_64_5_full_dsp_U85/toThreshold_ap_dsub_3_full_dsp_64_u/U0/i_synth/ADDSUB_OP.ADDSUB/SPEED_OP.LOGIC.OP/A_IP_DELAY/i_pipe/b_largest
    SLICE_X83Y33         LUT6 (Prop_lut6_I4_O)        0.124     4.047 f  toThreshold_Loop_GradientLoop_proc_U0/toThreshold_dsub_64ns_64ns_64_5_full_dsp_U85/toThreshold_ap_dsub_3_full_dsp_64_u/U0/i_synth/ADDSUB_OP.ADDSUB/SPEED_OP.LOGIC.OP/A_IP_DELAY/i_pipe/CHAIN_GEN[4].C_MUX.CARRY_MUX_i_5/O
                         net (fo=3, routed)           0.803     4.851    toThreshold_Loop_GradientLoop_proc_U0/toThreshold_dsub_64ns_64ns_64_5_full_dsp_U85/toThreshold_ap_dsub_3_full_dsp_64_u/U0/i_synth/ADDSUB_OP.ADDSUB/SPEED_OP.LOGIC.OP/A_IP_DELAY/i_pipe/n_2_CHAIN_GEN[4].C_MUX.CARRY_MUX_i_5
    SLICE_X85Y33         LUT2 (Prop_lut2_I0_O)        0.154     5.005 r  toThreshold_Loop_GradientLoop_proc_U0/toThreshold_dsub_64ns_64ns_64_5_full_dsp_U85/toThreshold_ap_dsub_3_full_dsp_64_u/U0/i_synth/ADDSUB_OP.ADDSUB/SPEED_OP.LOGIC.OP/A_IP_DELAY/i_pipe/CHAIN_GEN[4].C_MUX.CARRY_MUX_i_2/O
                         net (fo=2, routed)           0.422     5.427    toThreshold_Loop_GradientLoop_proc_U0/toThreshold_dsub_64ns_64ns_64_5_full_dsp_U85/toThreshold_ap_dsub_3_full_dsp_64_u/U0/i_synth/ADDSUB_OP.ADDSUB/SPEED_OP.LOGIC.OP/A_IP_DELAY/i_pipe/n_2_CHAIN_GEN[4].C_MUX.CARRY_MUX_i_2
    SLICE_X85Y35         LUT3 (Prop_lut3_I0_O)        0.327     5.754 r  toThreshold_Loop_GradientLoop_proc_U0/toThreshold_dsub_64ns_64ns_64_5_full_dsp_U85/toThreshold_ap_dsub_3_full_dsp_64_u/U0/i_synth/ADDSUB_OP.ADDSUB/SPEED_OP.LOGIC.OP/A_IP_DELAY/i_pipe/CHAIN_GEN[4].C_MUX.CARRY_MUX_i_1__0/O
                         net (fo=1, routed)           0.000     5.754    toThreshold_Loop_GradientLoop_proc_U0/toThreshold_dsub_64ns_64ns_64_5_full_dsp_U85/toThreshold_ap_dsub_3_full_dsp_64_u/U0/i_synth/ADDSUB_OP.ADDSUB/SPEED_OP.LOGIC.OP/ALIGN_BLK/ALIGN_SHIFT/ALIGN_Z_D/EQ_ZERO/CARRY_ZERO_DET/A[4]
    SLICE_X85Y35         CARRY4 (Prop_carry4_S[0]_CO[3])
                                                      0.532     6.286 r  toThreshold_Loop_GradientLoop_proc_U0/toThreshold_dsub_64ns_64ns_64_5_full_dsp_U85/toThreshold_ap_dsub_3_full_dsp_64_u/U0/i_synth/ADDSUB_OP.ADDSUB/SPEED_OP.LOGIC.OP/ALIGN_BLK/ALIGN_SHIFT/ALIGN_Z_D/EQ_ZERO/CARRY_ZERO_DET/CHAIN_GEN[4].C_MUX.CARRY_MUX_CARRY4/CO[3]
                         net (fo=2, routed)           0.000     6.286    toThreshold_Loop_GradientLoop_proc_U0/toThreshold_dsub_64ns_64ns_64_5_full_dsp_U85/toThreshold_ap_dsub_3_full_dsp_64_u/U0/i_synth/ADDSUB_OP.ADDSUB/SPEED_OP.LOGIC.OP/ALIGN_BLK/ALIGN_SHIFT/ALIGN_Z_D/EQ_ZERO/CARRY_ZERO_DET/O6[7]
    SLICE_X85Y36         CARRY4 (Prop_carry4_CI_CO[1])
                                                      0.157     6.443 f  toThreshold_Loop_GradientLoop_proc_U0/toThreshold_dsub_64ns_64ns_64_5_full_dsp_U85/toThreshold_ap_dsub_3_full_dsp_64_u/U0/i_synth/ADDSUB_OP.ADDSUB/SPEED_OP.LOGIC.OP/ALIGN_BLK/ALIGN_SHIFT/ALIGN_Z_D/EQ_ZERO/CARRY_ZERO_DET/CHAIN_GEN[8].C_MUX.CARRY_MUX_CARRY4/CO[1]
                         net (fo=1, routed)           0.739     7.182    toThreshold_Loop_GradientLoop_proc_U0/toThreshold_dsub_64ns_64ns_64_5_full_dsp_U85/toThreshold_ap_dsub_3_full_dsp_64_u/U0/i_synth/ADDSUB_OP.ADDSUB/SPEED_OP.LOGIC.OP/A_IP_DELAY/i_pipe/O6[9]
    SLICE_X86Y34         LUT6 (Prop_lut6_I0_O)        0.329     7.511 f  toThreshold_Loop_GradientLoop_proc_U0/toThreshold_dsub_64ns_64ns_64_5_full_dsp_U85/toThreshold_ap_dsub_3_full_dsp_64_u/U0/i_synth/ADDSUB_OP.ADDSUB/SPEED_OP.LOGIC.OP/A_IP_DELAY/i_pipe/MUX_LOOP[2].OTHER_LEVELS.DO_CHUNKS[0].LUT6_STRUCT_MUX.MUX1_i_4/O
                         net (fo=1, routed)           0.648     8.159    toThreshold_Loop_GradientLoop_proc_U0/toThreshold_dsub_64ns_64ns_64_5_full_dsp_U85/toThreshold_ap_dsub_3_full_dsp_64_u/U0/i_synth/ADDSUB_OP.ADDSUB/SPEED_OP.LOGIC.OP/A_IP_DELAY/i_pipe/n_2_MUX_LOOP[2].OTHER_LEVELS.DO_CHUNKS[0].LUT6_STRUCT_MUX.MUX1_i_4
    SLICE_X87Y34         LUT3 (Prop_lut3_I2_O)        0.124     8.283 f  toThreshold_Loop_GradientLoop_proc_U0/toThreshold_dsub_64ns_64ns_64_5_full_dsp_U85/toThreshold_ap_dsub_3_full_dsp_64_u/U0/i_synth/ADDSUB_OP.ADDSUB/SPEED_OP.LOGIC.OP/A_IP_DELAY/i_pipe/MUX_LOOP[2].OTHER_LEVELS.DO_CHUNKS[0].LUT6_STRUCT_MUX.MUX1_i_1/O
                         net (fo=1, routed)           0.000     8.283    toThreshold_Loop_GradientLoop_proc_U0/toThreshold_dsub_64ns_64ns_64_5_full_dsp_U85/toThreshold_ap_dsub_3_full_dsp_64_u/U0/i_synth/ADDSUB_OP.ADDSUB/SPEED_OP.LOGIC.OP/ALIGN_BLK/ALIGN_SHIFT/ALIGN_Z_D/I0
    SLICE_X87Y34         MUXF7 (Prop_muxf7_I0_O)      0.212     8.495 f  toThreshold_Loop_GradientLoop_proc_U0/toThreshold_dsub_64ns_64ns_64_5_full_dsp_U85/toThreshold_ap_dsub_3_full_dsp_64_u/U0/i_synth/ADDSUB_OP.ADDSUB/SPEED_OP.LOGIC.OP/ALIGN_BLK/ALIGN_SHIFT/ALIGN_Z_D/MUX_LOOP[2].OTHER_LEVELS.DO_CHUNKS[0].LUT6_STRUCT_MUX.MUX1/O
                         net (fo=1, routed)           0.000     8.495    toThreshold_Loop_GradientLoop_proc_U0/toThreshold_dsub_64ns_64ns_64_5_full_dsp_U85/toThreshold_ap_dsub_3_full_dsp_64_u/U0/i_synth/ADDSUB_OP.ADDSUB/SPEED_OP.LOGIC.OP/ALIGN_BLK/ALIGN_SHIFT/ALIGN_Z_D/mux0_1
    SLICE_X87Y34         MUXF8 (Prop_muxf8_I1_O)      0.094     8.589 f  toThreshold_Loop_GradientLoop_proc_U0/toThreshold_dsub_64ns_64ns_64_5_full_dsp_U85/toThreshold_ap_dsub_3_full_dsp_64_u/U0/i_synth/ADDSUB_OP.ADDSUB/SPEED_OP.LOGIC.OP/ALIGN_BLK/ALIGN_SHIFT/ALIGN_Z_D/MUX_LOOP[2].OTHER_LEVELS.DO_CHUNKS[0].LUT6_STRUCT_MUX.MUX2/O
                         net (fo=2, routed)           0.447     9.035    toThreshold_Loop_GradientLoop_proc_U0/toThreshold_dsub_64ns_64ns_64_5_full_dsp_U85/toThreshold_ap_dsub_3_full_dsp_64_u/U0/i_synth/ADDSUB_OP.ADDSUB/SPEED_OP.LOGIC.OP/EXP/SUB_DELAY/i_pipe/zeros_add
    SLICE_X89Y34         LUT2 (Prop_lut2_I1_O)        0.316     9.351 r  toThreshold_Loop_GradientLoop_proc_U0/toThreshold_dsub_64ns_64ns_64_5_full_dsp_U85/toThreshold_ap_dsub_3_full_dsp_64_u/U0/i_synth/ADDSUB_OP.ADDSUB/SPEED_OP.LOGIC.OP/EXP/SUB_DELAY/i_pipe/DSP_i_1__0/O
                         net (fo=1, routed)           0.766    10.117    toThreshold_Loop_GradientLoop_proc_U0/toThreshold_dsub_64ns_64ns_64_5_full_dsp_U85/toThreshold_ap_dsub_3_full_dsp_64_u/U0/i_synth/ADDSUB_OP.ADDSUB/SPEED_OP.LOGIC.OP/ALIGN_BLK/FRAC_ADDSUB/DSP_ADD.FRAC_ADDSUB/DSP48E1_ADD.DSP48E1_ADD/carry_in_del
    DSP48_X3Y13          DSP48E1                                      r  toThreshold_Loop_GradientLoop_proc_U0/toThreshold_dsub_64ns_64ns_64_5_full_dsp_U85/toThreshold_ap_dsub_3_full_dsp_64_u/U0/i_synth/ADDSUB_OP.ADDSUB/SPEED_OP.LOGIC.OP/ALIGN_BLK/FRAC_ADDSUB/DSP_ADD.FRAC_ADDSUB/DSP48E1_ADD.DSP48E1_ADD/DSP/CARRYIN
  -------------------------------------------------------------------    -------------------

                         (clock ap_clk rise edge)    10.000    10.000 r  
                                                      0.000    10.000 r  ap_clk
                         net (fo=12189, unset)        1.705    11.705    toThreshold_Loop_GradientLoop_proc_U0/toThreshold_dsub_64ns_64ns_64_5_full_dsp_U85/toThreshold_ap_dsub_3_full_dsp_64_u/U0/i_synth/ADDSUB_OP.ADDSUB/SPEED_OP.LOGIC.OP/ALIGN_BLK/FRAC_ADDSUB/DSP_ADD.FRAC_ADDSUB/DSP48E1_ADD.DSP48E1_ADD/aclk
    DSP48_X3Y13                                                       r  toThreshold_Loop_GradientLoop_proc_U0/toThreshold_dsub_64ns_64ns_64_5_full_dsp_U85/toThreshold_ap_dsub_3_full_dsp_64_u/U0/i_synth/ADDSUB_OP.ADDSUB/SPEED_OP.LOGIC.OP/ALIGN_BLK/FRAC_ADDSUB/DSP_ADD.FRAC_ADDSUB/DSP48E1_ADD.DSP48E1_ADD/DSP/CLK
                         clock pessimism              0.115    11.820    
                         clock uncertainty           -0.035    11.784    
    DSP48_X3Y13          DSP48E1 (Setup_dsp48e1_CLK_CARRYIN)
                                                     -1.298    10.486    toThreshold_Loop_GradientLoop_proc_U0/toThreshold_dsub_64ns_64ns_64_5_full_dsp_U85/toThreshold_ap_dsub_3_full_dsp_64_u/U0/i_synth/ADDSUB_OP.ADDSUB/SPEED_OP.LOGIC.OP/ALIGN_BLK/FRAC_ADDSUB/DSP_ADD.FRAC_ADDSUB/DSP48E1_ADD.DSP48E1_ADD/DSP
  -------------------------------------------------------------------
                         required time                         10.486    
                         arrival time                         -10.117    
  -------------------------------------------------------------------
                         slack                                  0.369    





Min Delay Paths
--------------------------------------------------------------------------------------
Slack (MET) :             0.032ns  (arrival time - required time)
  Source:                 toThreshold_Loop_GradientLoop_proc_U0/toThreshold_ddiv_64ns_64ns_64_31_U87/toThreshold_ap_ddiv_29_no_dsp_64_u/U0/i_synth/DIV_OP.SPD.OP/MANT_DIV/RT[35].MANT_DEL/i_pipe/opt_has_pipe.first_q_reg[1]/C
                            (rising edge-triggered cell FDRE clocked by ap_clk  {rise@0.000ns fall@5.000ns period=10.000ns})
  Destination:            toThreshold_Loop_GradientLoop_proc_U0/toThreshold_ddiv_64ns_64ns_64_31_U87/toThreshold_ap_ddiv_29_no_dsp_64_u/U0/i_synth/DIV_OP.SPD.OP/MANT_DIV/RT[37].MANT_DEL/i_pipe/opt_has_pipe.first_q_reg[1]/D
                            (rising edge-triggered cell FDRE clocked by ap_clk  {rise@0.000ns fall@5.000ns period=10.000ns})
  Path Group:             ap_clk
  Path Type:              Hold (Min at Fast Process Corner)
  Requirement:            0.000ns  (ap_clk rise@0.000ns - ap_clk rise@0.000ns)
  Data Path Delay:        0.365ns  (logic 0.141ns (38.636%)  route 0.224ns (61.364%))
  Logic Levels:           0  
  Clock Path Skew:        0.257ns (DCD - SCD - CPR)
    Destination Clock Delay (DCD):    0.820ns
    Source Clock Delay      (SCD):    0.558ns
    Clock Pessimism Removal (CPR):    0.005ns

    Location             Delay type                Incr(ns)  Path(ns)    Netlist Resource(s)
  -------------------------------------------------------------------    -------------------
                         (clock ap_clk rise edge)     0.000     0.000 r  
                                                      0.000     0.000 r  ap_clk
                         net (fo=12189, unset)        0.558     0.558    toThreshold_Loop_GradientLoop_proc_U0/toThreshold_ddiv_64ns_64ns_64_31_U87/toThreshold_ap_ddiv_29_no_dsp_64_u/U0/i_synth/DIV_OP.SPD.OP/MANT_DIV/RT[35].MANT_DEL/i_pipe/aclk
    SLICE_X48Y38                                                      r  toThreshold_Loop_GradientLoop_proc_U0/toThreshold_ddiv_64ns_64ns_64_31_U87/toThreshold_ap_ddiv_29_no_dsp_64_u/U0/i_synth/DIV_OP.SPD.OP/MANT_DIV/RT[35].MANT_DEL/i_pipe/opt_has_pipe.first_q_reg[1]/C
  -------------------------------------------------------------------    -------------------
    SLICE_X48Y38         FDRE (Prop_fdre_C_Q)         0.141     0.699 r  toThreshold_Loop_GradientLoop_proc_U0/toThreshold_ddiv_64ns_64ns_64_31_U87/toThreshold_ap_ddiv_29_no_dsp_64_u/U0/i_synth/DIV_OP.SPD.OP/MANT_DIV/RT[35].MANT_DEL/i_pipe/opt_has_pipe.first_q_reg[1]/Q
                         net (fo=3, routed)           0.224     0.923    toThreshold_Loop_GradientLoop_proc_U0/toThreshold_ddiv_64ns_64ns_64_31_U87/toThreshold_ap_ddiv_29_no_dsp_64_u/U0/i_synth/DIV_OP.SPD.OP/MANT_DIV/RT[37].MANT_DEL/i_pipe/D[1]
    SLICE_X51Y36         FDRE                                         r  toThreshold_Loop_GradientLoop_proc_U0/toThreshold_ddiv_64ns_64ns_64_31_U87/toThreshold_ap_ddiv_29_no_dsp_64_u/U0/i_synth/DIV_OP.SPD.OP/MANT_DIV/RT[37].MANT_DEL/i_pipe/opt_has_pipe.first_q_reg[1]/D
  -------------------------------------------------------------------    -------------------

                         (clock ap_clk rise edge)     0.000     0.000 r  
                                                      0.000     0.000 r  ap_clk
                         net (fo=12189, unset)        0.820     0.820    toThreshold_Loop_GradientLoop_proc_U0/toThreshold_ddiv_64ns_64ns_64_31_U87/toThreshold_ap_ddiv_29_no_dsp_64_u/U0/i_synth/DIV_OP.SPD.OP/MANT_DIV/RT[37].MANT_DEL/i_pipe/aclk
    SLICE_X51Y36                                                      r  toThreshold_Loop_GradientLoop_proc_U0/toThreshold_ddiv_64ns_64ns_64_31_U87/toThreshold_ap_ddiv_29_no_dsp_64_u/U0/i_synth/DIV_OP.SPD.OP/MANT_DIV/RT[37].MANT_DEL/i_pipe/opt_has_pipe.first_q_reg[1]/C
                         clock pessimism             -0.005     0.815    
    SLICE_X51Y36         FDRE (Hold_fdre_C_D)         0.076     0.891    toThreshold_Loop_GradientLoop_proc_U0/toThreshold_ddiv_64ns_64ns_64_31_U87/toThreshold_ap_ddiv_29_no_dsp_64_u/U0/i_synth/DIV_OP.SPD.OP/MANT_DIV/RT[37].MANT_DEL/i_pipe/opt_has_pipe.first_q_reg[1]
  -------------------------------------------------------------------
                         required time                         -0.891    
                         arrival time                           0.923    
  -------------------------------------------------------------------
                         slack                                  0.032    





Pulse Width Checks
--------------------------------------------------------------------------------------
Clock Name:         ap_clk
Waveform:           { 0 5 }
Period:             10.000
Sources:            { ap_clk }

Check Type        Corner  Lib Pin      Reference Pin  Required  Actual  Slack  Location      Pin                                                                                                                                                                                         
Min Period        n/a     DSP48E1/CLK  n/a            4.275     10.000  5.725  DSP48_X4Y15   toThreshold_Loop_GradientLoop_proc_U0/toThreshold_dmul_64ns_64ns_64_6_max_dsp_U86/toThreshold_ap_dmul_4_max_dsp_64_u/U0/i_synth/MULT.OP/MULT/DSP48E1_SPD_DBL_VARIANT.FIX_MULT/DSP5/DSP/CLK  
Low Pulse Width   Slow    SRL16E/CLK   n/a            0.980     4.975   3.995  SLICE_X98Y9   outMat_data_stream_0_V_U/U_FIFO_toThreshold_outMat_data_stream_0_V_ram/SRL_SIG_reg[1][0]_srl2/CLK                                                                                           
High Pulse Width  Slow    SRL16E/CLK   n/a            0.980     4.975   3.995  SLICE_X46Y11  threshMat_rows_V_U/U_FIFO_toThreshold_threshMat_rows_V_ram/SRL_SIG_reg[2][10]_srl3/CLK                                                                                                      



